{"numTotalTestSuites":38,"numPassedTestSuites":30,"numFailedTestSuites":8,"numPendingTestSuites":0,"numTotalTests":98,"numPassedTests":87,"numFailedTests":11,"numPendingTests":0,"numTodoTests":0,"snapshot":{"added":0,"failure":false,"filesAdded":0,"filesRemoved":0,"filesRemovedList":[],"filesUnmatched":0,"filesUpdated":0,"matched":0,"total":0,"unchecked":0,"uncheckedKeysByFile":[],"unmatched":0,"updated":0,"didUpdate":false},"startTime":1769455106322,"success":false,"testResults":[{"assertionResults":[{"ancestorTitles":["Multi-Output (Byproduct) Logic"],"fullName":"Multi-Output (Byproduct) Logic correctly creates ports for multi-output recipes","status":"passed","title":"correctly creates ports for multi-output recipes","duration":6.222900000000209,"failureMessages":[],"meta":{}},{"ancestorTitles":["Multi-Output (Byproduct) Logic"],"fullName":"Multi-Output (Byproduct) Logic calculates rates based on primary output (default)","status":"passed","title":"calculates rates based on primary output (default)","duration":0.820299999999861,"failureMessages":[],"meta":{}},{"ancestorTitles":["Multi-Output (Byproduct) Logic"],"fullName":"Multi-Output (Byproduct) Logic recalculates rates when target rate changes","status":"passed","title":"recalculates rates when target rate changes","duration":1.4867999999996755,"failureMessages":[],"meta":{}},{"ancestorTitles":["Multi-Output (Byproduct) Logic"],"fullName":"Multi-Output (Byproduct) Logic respects primaryOutputId when changed","status":"passed","title":"respects primaryOutputId when changed","duration":0.9582000000000335,"failureMessages":[],"meta":{}}],"startTime":1769455108972,"endTime":1769455108980.9583,"status":"passed","message":"","name":"C:/Users/prodo/Antigrav projects/DSP/dsp-planner/src/stores/__tests__/byproduct.test.ts"},{"assertionResults":[{"ancestorTitles":["Conflict & Multiplier Engine"],"fullName":"Conflict & Multiplier Engine handles high throughput (Infinite Bundle) without bottleneck status","status":"passed","title":"handles high throughput (Infinite Bundle) without bottleneck status","duration":7.502399999999852,"failureMessages":[],"meta":{}},{"ancestorTitles":["Conflict & Multiplier Engine"],"fullName":"Conflict & Multiplier Engine detects Starvation (Amber) when supply < demand","status":"passed","title":"detects Starvation (Amber) when supply < demand","duration":2.1651999999999134,"failureMessages":[],"meta":{}},{"ancestorTitles":["Conflict & Multiplier Engine"],"fullName":"Conflict & Multiplier Engine updates edge status when source rate changes","status":"passed","title":"updates edge status when source rate changes","duration":2.3993000000000393,"failureMessages":[],"meta":{}},{"ancestorTitles":["Conflict & Multiplier Engine"],"fullName":"Conflict & Multiplier Engine propagates Starvation downstream (3-block chain)","status":"passed","title":"propagates Starvation downstream (3-block chain)","duration":3.4240999999997257,"failureMessages":[],"meta":{}}],"startTime":1769455108908,"endTime":1769455108923.424,"status":"passed","message":"","name":"C:/Users/prodo/Antigrav projects/DSP/dsp-planner/src/stores/__tests__/conflictLogic.test.ts"},{"assertionResults":[{"ancestorTitles":["useGameStore"],"fullName":"useGameStore should initialize with default data","status":"passed","title":"should initialize with default data","duration":1.2804000000000997,"failureMessages":[],"meta":{}},{"ancestorTitles":["useGameStore"],"fullName":"useGameStore should add a custom recipe","status":"passed","title":"should add a custom recipe","duration":2.3548000000000684,"failureMessages":[],"meta":{}},{"ancestorTitles":["useGameStore"],"fullName":"useGameStore should not add duplicate recipes","status":"passed","title":"should not add duplicate recipes","duration":0.32360000000016953,"failureMessages":[],"meta":{}},{"ancestorTitles":["useGameStore"],"fullName":"useGameStore should delete a recipe","status":"passed","title":"should delete a recipe","duration":0.6028000000001157,"failureMessages":[],"meta":{}},{"ancestorTitles":["useGameStore"],"fullName":"useGameStore should add and retrieve a custom item","status":"passed","title":"should add and retrieve a custom item","duration":1.1296000000002095,"failureMessages":[],"meta":{}},{"ancestorTitles":["useGameStore"],"fullName":"useGameStore should update an existing item","status":"passed","title":"should update an existing item","duration":0.45479999999997744,"failureMessages":[],"meta":{}},{"ancestorTitles":["useGameStore"],"fullName":"useGameStore should delete an item","status":"passed","title":"should delete an item","duration":0.3007999999999811,"failureMessages":[],"meta":{}},{"ancestorTitles":["useGameStore"],"fullName":"useGameStore should update a recipe","status":"passed","title":"should update a recipe","duration":0.36740000000008877,"failureMessages":[],"meta":{}},{"ancestorTitles":["useGameStore"],"fullName":"useGameStore should add and update a machine","status":"passed","title":"should add and update a machine","duration":0.534900000000107,"failureMessages":[],"meta":{}},{"ancestorTitles":["useGameStore"],"fullName":"useGameStore should add, update, and delete a belt","status":"passed","title":"should add, update, and delete a belt","duration":0.6729999999997744,"failureMessages":[],"meta":{}},{"ancestorTitles":["useGameStore"],"fullName":"useGameStore should load and reset game data","status":"passed","title":"should load and reset game data","duration":0.3451000000000022,"failureMessages":[],"meta":{}}],"startTime":1769455108748,"endTime":1769455108756.673,"status":"passed","message":"","name":"C:/Users/prodo/Antigrav projects/DSP/dsp-planner/src/stores/__tests__/gameStore.test.ts"},{"assertionResults":[{"ancestorTitles":["useLayoutStore"],"fullName":"useLayoutStore adds a block with ports and position","status":"failed","title":"adds a block with ports and position","duration":6.320099999999911,"failureMessages":["AssertionError: expected undefined to deeply equal { x: 10, y: 20 }\n    at C:/Users/prodo/Antigrav projects/DSP/dsp-planner/src/stores/__tests__/layoutStore.test.ts:62:36\n    at file:///C:/Users/prodo/Antigrav%20projects/DSP/dsp-planner/node_modules/@vitest/runner/dist/index.js:145:11\n    at file:///C:/Users/prodo/Antigrav%20projects/DSP/dsp-planner/node_modules/@vitest/runner/dist/index.js:915:26\n    at file:///C:/Users/prodo/Antigrav%20projects/DSP/dsp-planner/node_modules/@vitest/runner/dist/index.js:1243:20\n    at new Promise (<anonymous>)\n    at runWithTimeout (file:///C:/Users/prodo/Antigrav%20projects/DSP/dsp-planner/node_modules/@vitest/runner/dist/index.js:1209:10)\n    at file:///C:/Users/prodo/Antigrav%20projects/DSP/dsp-planner/node_modules/@vitest/runner/dist/index.js:1653:37\n    at Traces.$ (file:///C:/Users/prodo/Antigrav%20projects/DSP/dsp-planner/node_modules/vitest/dist/chunks/traces.CCmnQaNT.js:142:27)\n    at trace (file:///C:/Users/prodo/Antigrav%20projects/DSP/dsp-planner/node_modules/vitest/dist/chunks/test.B8ej_ZHS.js:239:21)\n    at runTest (file:///C:/Users/prodo/Antigrav%20projects/DSP/dsp-planner/node_modules/@vitest/runner/dist/index.js:1653:12)"],"meta":{}},{"ancestorTitles":["useLayoutStore"],"fullName":"useLayoutStore prevents self-connections","status":"passed","title":"prevents self-connections","duration":0.7640000000001237,"failureMessages":[],"meta":{}},{"ancestorTitles":["useLayoutStore"],"fullName":"useLayoutStore adds a valid connection between compatible ports","status":"passed","title":"adds a valid connection between compatible ports","duration":4.44840000000022,"failureMessages":[],"meta":{}},{"ancestorTitles":["useLayoutStore"],"fullName":"useLayoutStore rejects mismatched item connections","status":"passed","title":"rejects mismatched item connections","duration":0.4436000000000604,"failureMessages":[],"meta":{}},{"ancestorTitles":["useLayoutStore"],"fullName":"useLayoutStore prevents multiple connections to the same target port","status":"passed","title":"prevents multiple connections to the same target port","duration":0.9272000000000844,"failureMessages":[],"meta":{}},{"ancestorTitles":["useLayoutStore"],"fullName":"useLayoutStore sets the active port when onPortClick is called","status":"passed","title":"sets the active port when onPortClick is called","duration":0.38930000000027576,"failureMessages":[],"meta":{}},{"ancestorTitles":["useLayoutStore"],"fullName":"useLayoutStore creates a new block and connects it automatically via createAndConnect","status":"passed","title":"creates a new block and connects it automatically via createAndConnect","duration":1.469000000000051,"failureMessages":[],"meta":{}},{"ancestorTitles":["useLayoutStore"],"fullName":"useLayoutStore calculates flow immediately on connect (Smoke Test)","status":"passed","title":"calculates flow immediately on connect (Smoke Test)","duration":0.7875000000003638,"failureMessages":[],"meta":{}}],"startTime":1769455108906,"endTime":1769455108921.7876,"status":"failed","message":"","name":"C:/Users/prodo/Antigrav projects/DSP/dsp-planner/src/stores/__tests__/layoutStore.test.ts"},{"assertionResults":[{"ancestorTitles":["Circular Dependencies (Loops)"],"fullName":"Circular Dependencies (Loops) handles a simple feedback loop without infinite recursion","status":"passed","title":"handles a simple feedback loop without infinite recursion","duration":10.12649999999985,"failureMessages":[],"meta":{}}],"startTime":1769455108970,"endTime":1769455108980.1265,"status":"passed","message":"","name":"C:/Users/prodo/Antigrav projects/DSP/dsp-planner/src/stores/__tests__/loop.test.ts"},{"assertionResults":[{"ancestorTitles":["Modifiers (Speed & Productivity)"],"fullName":"Modifiers (Speed & Productivity) correctly applies Speed Modifier","status":"passed","title":"correctly applies Speed Modifier","duration":4.069899999999961,"failureMessages":[],"meta":{}},{"ancestorTitles":["Modifiers (Speed & Productivity)"],"fullName":"Modifiers (Speed & Productivity) correctly applies Productivity Modifier","status":"passed","title":"correctly applies Productivity Modifier","duration":0.6302000000000589,"failureMessages":[],"meta":{}}],"startTime":1769455110050,"endTime":1769455110054.6301,"status":"passed","message":"","name":"C:/Users/prodo/Antigrav projects/DSP/dsp-planner/src/stores/__tests__/modifier.test.ts"},{"assertionResults":[{"ancestorTitles":["Persistence & Integirty"],"fullName":"Persistence & Integirty Save/Load Roundtrip (Import/Export Logic)","status":"passed","title":"Save/Load Roundtrip (Import/Export Logic)","duration":5.784900000000107,"failureMessages":[],"meta":{}},{"ancestorTitles":["Persistence & Integirty"],"fullName":"Persistence & Integirty reacts to Game Data changes (Recipe Edit)","status":"passed","title":"reacts to Game Data changes (Recipe Edit)","duration":1.6224999999999454,"failureMessages":[],"meta":{}}],"startTime":1769455109005,"endTime":1769455109012.6226,"status":"passed","message":"","name":"C:/Users/prodo/Antigrav projects/DSP/dsp-planner/src/stores/__tests__/persistence.test.ts"},{"assertionResults":[{"ancestorTitles":["getPortPosition"],"fullName":"getPortPosition calculates top port positions","status":"failed","title":"calculates top port positions","duration":3.31479999999965,"failureMessages":["TypeError: Cannot read properties of undefined (reading 'side')\n    at getPortPosition (C:/Users/prodo/Antigrav projects/DSP/dsp-planner/src/types/block.ts:183:18)\n    at C:/Users/prodo/Antigrav projects/DSP/dsp-planner/src/types/__tests__/block.test.ts:28:26\n    at file:///C:/Users/prodo/Antigrav%20projects/DSP/dsp-planner/node_modules/@vitest/runner/dist/index.js:145:11\n    at file:///C:/Users/prodo/Antigrav%20projects/DSP/dsp-planner/node_modules/@vitest/runner/dist/index.js:915:26\n    at file:///C:/Users/prodo/Antigrav%20projects/DSP/dsp-planner/node_modules/@vitest/runner/dist/index.js:1243:20\n    at new Promise (<anonymous>)\n    at runWithTimeout (file:///C:/Users/prodo/Antigrav%20projects/DSP/dsp-planner/node_modules/@vitest/runner/dist/index.js:1209:10)\n    at file:///C:/Users/prodo/Antigrav%20projects/DSP/dsp-planner/node_modules/@vitest/runner/dist/index.js:1653:37\n    at Traces.$ (file:///C:/Users/prodo/Antigrav%20projects/DSP/dsp-planner/node_modules/vitest/dist/chunks/traces.CCmnQaNT.js:142:27)\n    at trace (file:///C:/Users/prodo/Antigrav%20projects/DSP/dsp-planner/node_modules/vitest/dist/chunks/test.B8ej_ZHS.js:239:21)"],"meta":{}},{"ancestorTitles":["getPortPosition"],"fullName":"getPortPosition calculates bottom port positions","status":"failed","title":"calculates bottom port positions","duration":0.44509999999991123,"failureMessages":["TypeError: Cannot read properties of undefined (reading 'side')\n    at getPortPosition (C:/Users/prodo/Antigrav projects/DSP/dsp-planner/src/types/block.ts:183:18)\n    at C:/Users/prodo/Antigrav projects/DSP/dsp-planner/src/types/__tests__/block.test.ts:42:26\n    at file:///C:/Users/prodo/Antigrav%20projects/DSP/dsp-planner/node_modules/@vitest/runner/dist/index.js:145:11\n    at file:///C:/Users/prodo/Antigrav%20projects/DSP/dsp-planner/node_modules/@vitest/runner/dist/index.js:915:26\n    at file:///C:/Users/prodo/Antigrav%20projects/DSP/dsp-planner/node_modules/@vitest/runner/dist/index.js:1243:20\n    at new Promise (<anonymous>)\n    at runWithTimeout (file:///C:/Users/prodo/Antigrav%20projects/DSP/dsp-planner/node_modules/@vitest/runner/dist/index.js:1209:10)\n    at file:///C:/Users/prodo/Antigrav%20projects/DSP/dsp-planner/node_modules/@vitest/runner/dist/index.js:1653:37\n    at Traces.$ (file:///C:/Users/prodo/Antigrav%20projects/DSP/dsp-planner/node_modules/vitest/dist/chunks/traces.CCmnQaNT.js:142:27)\n    at trace (file:///C:/Users/prodo/Antigrav%20projects/DSP/dsp-planner/node_modules/vitest/dist/chunks/test.B8ej_ZHS.js:239:21)"],"meta":{}},{"ancestorTitles":["getPortPosition"],"fullName":"getPortPosition calculates left port positions","status":"failed","title":"calculates left port positions","duration":0.4109000000003107,"failureMessages":["TypeError: Cannot read properties of undefined (reading 'side')\n    at getPortPosition (C:/Users/prodo/Antigrav projects/DSP/dsp-planner/src/types/block.ts:183:18)\n    at C:/Users/prodo/Antigrav projects/DSP/dsp-planner/src/types/__tests__/block.test.ts:56:26\n    at file:///C:/Users/prodo/Antigrav%20projects/DSP/dsp-planner/node_modules/@vitest/runner/dist/index.js:145:11\n    at file:///C:/Users/prodo/Antigrav%20projects/DSP/dsp-planner/node_modules/@vitest/runner/dist/index.js:915:26\n    at file:///C:/Users/prodo/Antigrav%20projects/DSP/dsp-planner/node_modules/@vitest/runner/dist/index.js:1243:20\n    at new Promise (<anonymous>)\n    at runWithTimeout (file:///C:/Users/prodo/Antigrav%20projects/DSP/dsp-planner/node_modules/@vitest/runner/dist/index.js:1209:10)\n    at file:///C:/Users/prodo/Antigrav%20projects/DSP/dsp-planner/node_modules/@vitest/runner/dist/index.js:1653:37\n    at Traces.$ (file:///C:/Users/prodo/Antigrav%20projects/DSP/dsp-planner/node_modules/vitest/dist/chunks/traces.CCmnQaNT.js:142:27)\n    at trace (file:///C:/Users/prodo/Antigrav%20projects/DSP/dsp-planner/node_modules/vitest/dist/chunks/test.B8ej_ZHS.js:239:21)"],"meta":{}},{"ancestorTitles":["getPortPosition"],"fullName":"getPortPosition calculates right port positions","status":"failed","title":"calculates right port positions","duration":0.3674999999998363,"failureMessages":["TypeError: Cannot read properties of undefined (reading 'side')\n    at getPortPosition (C:/Users/prodo/Antigrav projects/DSP/dsp-planner/src/types/block.ts:183:18)\n    at C:/Users/prodo/Antigrav projects/DSP/dsp-planner/src/types/__tests__/block.test.ts:70:26\n    at file:///C:/Users/prodo/Antigrav%20projects/DSP/dsp-planner/node_modules/@vitest/runner/dist/index.js:145:11\n    at file:///C:/Users/prodo/Antigrav%20projects/DSP/dsp-planner/node_modules/@vitest/runner/dist/index.js:915:26\n    at file:///C:/Users/prodo/Antigrav%20projects/DSP/dsp-planner/node_modules/@vitest/runner/dist/index.js:1243:20\n    at new Promise (<anonymous>)\n    at runWithTimeout (file:///C:/Users/prodo/Antigrav%20projects/DSP/dsp-planner/node_modules/@vitest/runner/dist/index.js:1209:10)\n    at file:///C:/Users/prodo/Antigrav%20projects/DSP/dsp-planner/node_modules/@vitest/runner/dist/index.js:1653:37\n    at Traces.$ (file:///C:/Users/prodo/Antigrav%20projects/DSP/dsp-planner/node_modules/vitest/dist/chunks/traces.CCmnQaNT.js:142:27)\n    at trace (file:///C:/Users/prodo/Antigrav%20projects/DSP/dsp-planner/node_modules/vitest/dist/chunks/test.B8ej_ZHS.js:239:21)"],"meta":{}}],"startTime":1769455108687,"endTime":1769455108691.411,"status":"failed","message":"","name":"C:/Users/prodo/Antigrav projects/DSP/dsp-planner/src/types/__tests__/block.test.ts"},{"assertionResults":[{"ancestorTitles":["Block Component"],"fullName":"Block Component renders block title and machine info","status":"failed","title":"renders block title and machine info","duration":151.9121,"failureMessages":["TestingLibraryElementError: Unable to find an element with the text: 1.0. This could be because the text is broken up by multiple elements. In this case, you can provide a function for your text matcher to make your matcher more flexible.\n\nIgnored nodes: comments, script, style\n\u001b[36m<body>\u001b[39m\n  \u001b[36m<div>\u001b[39m\n    \u001b[36m<div\u001b[39m\n      \u001b[33mclass\u001b[39m=\u001b[32m\"\n                h-auto flex flex-col\n                bg-slate-950 border rounded-lg shadow-2xl font-mono relative group transition-all duration-300\n                border-slate-800 hover:border-slate-700\n                \n            \"\u001b[39m\n      \u001b[33mstyle\u001b[39m=\u001b[32m\"width: 100px; min-height: 100px;\"\u001b[39m\n    \u001b[36m>\u001b[39m\n      \u001b[36m<div\u001b[39m\n        \u001b[33mclass\u001b[39m=\u001b[32m\"absolute top-0 left-0 w-full h-1 rounded-t-lg bg-gradient-to-r from-slate-700 to-slate-800\"\u001b[39m\n      \u001b[36m/>\u001b[39m\n      \u001b[36m<div\u001b[39m\n        \u001b[33mclass\u001b[39m=\u001b[32m\"flex flex-col flex-none relative z-10\"\u001b[39m\n        \u001b[33mstyle\u001b[39m=\u001b[32m\"height: 98px;\"\u001b[39m\n      \u001b[36m>\u001b[39m\n        \u001b[36m<div\u001b[39m\n          \u001b[33mclass\u001b[39m=\u001b[32m\"pt-4 pb-3 px-4 flex justify-between items-center border-b border-slate-900 bg-slate-900/40 rounded-t-lg box-border\"\u001b[39m\n          \u001b[33mstyle\u001b[39m=\u001b[32m\"height: 64px;\"\u001b[39m\n        \u001b[36m>\u001b[39m\n          \u001b[36m<div\u001b[39m\n            \u001b[33mclass\u001b[39m=\u001b[32m\"flex items-center gap-3\"\u001b[39m\n          \u001b[36m>\u001b[39m\n            \u001b[36m<div\u001b[39m\n              \u001b[33mclass\u001b[39m=\u001b[32m\"w-10 h-10 bg-slate-900/50 border rounded flex items-center justify-center shadow-inner transition-colors border-cyan-500/30 text-cyan-400\"\u001b[39m\n            \u001b[36m>\u001b[39m\n              \u001b[36m<svg\u001b[39m\n                \u001b[33maria-hidden\u001b[39m=\u001b[32m\"true\"\u001b[39m\n                \u001b[33mclass\u001b[39m=\u001b[32m\"lucide lucide-settings\"\u001b[39m\n                \u001b[33mfill\u001b[39m=\u001b[32m\"none\"\u001b[39m\n                \u001b[33mheight\u001b[39m=\u001b[32m\"20\"\u001b[39m\n                \u001b[33mstroke\u001b[39m=\u001b[32m\"currentColor\"\u001b[39m\n                \u001b[33mstroke-linecap\u001b[39m=\u001b[32m\"round\"\u001b[39m\n                \u001b[33mstroke-linejoin\u001b[39m=\u001b[32m\"round\"\u001b[39m\n                \u001b[33mstroke-width\u001b[39m=\u001b[32m\"2\"\u001b[39m\n                \u001b[33mviewBox\u001b[39m=\u001b[32m\"0 0 24 24\"\u001b[39m\n                \u001b[33mwidth\u001b[39m=\u001b[32m\"20\"\u001b[39m\n                \u001b[33mxmlns\u001b[39m=\u001b[32m\"http://www.w3.org/2000/svg\"\u001b[39m\n              \u001b[36m>\u001b[39m\n                \u001b[36m<path\u001b[39m\n                  \u001b[33md\u001b[39m=\u001b[32m\"M9.671 4.136a2.34 2.34 0 0 1 4.659 0 2.34 2.34 0 0 0 3.319 1.915 2.34 2.34 0 0 1 2.33 4.033 2.34 2.34 0 0 0 0 3.831 2.34 2.34 0 0 1-2.33 4.033 2.34 2.34 0 0 0-3.319 1.915 2.34 2.34 0 0 1-4.659 0 2.34 2.34 0 0 0-3.32-1.915 2.34 2.34 0 0 1-2.33-4.033 2.34 2.34 0 0 0 0-3.831A2.34 2.34 0 0 1 6.35 6.051a2.34 2.34 0 0 0 3.319-1.915\"\u001b[39m\n                \u001b[36m/>\u001b[39m\n                \u001b[36m<circle\u001b[39m\n                  \u001b[33mcx\u001b[39m=\u001b[32m\"12\"\u001b[39m\n                  \u001b[33mcy\u001b[39m=\u001b[32m\"12\"\u001b[39m\n                  \u001b[33mr\u001b[39m=\u001b[32m\"3\"\u001b[39m\n                \u001b[36m/>\u001b[39m\n              \u001b[36m</svg>\u001b[39m\n            \u001b[36m</div>\u001b[39m\n            \u001b[36m<div>\u001b[39m\n              \u001b[36m<h2\u001b[39m\n                \u001b[33mclass\u001b[39m=\u001b[32m\"text-slate-50 font-bold text-base leading-none uppercase tracking-wider truncate max-w-[150px]\"\u001b[39m\n              \u001b[36m>\u001b[39m\n                \u001b[0mIron Ingot\u001b[0m\n              \u001b[36m</h2>\u001b[39m\n              \u001b[36m<span\u001b[39m\n                \u001b[33mclass\u001b[39m=\u001b[32m\"text-[10px] font-semibold uppercase tracking-widest mt-1 block text-cyan-400/60\"\u001b[39m\n              \u001b[36m>\u001b[39m\n                \u001b[0msmelting\u001b[0m\n              \u001b[36m</span>\u001b[39m\n            \u001b[36m</div>\u001b[39m\n          \u001b[36m</div>\u001b[39m\n          \u001b[36m<div\u001b[39m\n            \u001b[33mclass\u001b[39m=\u001b[32m\"flex items-center gap-4\"\u001b[39m\n          \u001b[36m>\u001b[39m\n            \u001b[36m<div\u001b[39m\n              \u001b[33mclass\u001b[39m=\u001b[32m\"text-right group/input relative\"\u001b[39m\n            \u001b[36m>\u001b[39m\n              \u001b[36m<div\u001b[39m\n                \u001b[33mclass\u001b[39m=\u001b[32m\"flex items-baseline gap-1 justify-end relative\"\u001b[39m\n              \u001b[36m>\u001b[39m\n                \u001b[36m<input\u001b[39m\n                  \u001b[33mclass\u001b[39m=\u001b[32m\"\n                                bg-transparent text-xl font-black focus:outline-none w-20 text-right \n                                [appearance:textfield] [&::-webkit-outer-spin-button]:appearance-none [&::-webkit-inner-spin-button]:appearance-none \n                                nodrag nopan pointer-events-auto transition-all rounded px-1\n                                hover:bg-white/5 focus:bg-white/10 cursor-text\n                                text-white/40\n                            \"\u001b[39m\n                  \u001b[33mtype\u001b[39m=\u001b[32m\"number\"\u001b[39m\n                  \u001b[33mvalue\u001b[39m=\u001b[32m\"60\"\u001b[39m\n                \u001b[36m/>\u001b[39m\n                \u001b[36m<span\u001b[39m\n                  \u001b[33mclass\u001b[39m=\u001b[32m\"text-xs font-bold text-white/20\"\u001b[39m\n                \u001b[36m>\u001b[39m\n                  \u001b[0m/m\u001b[0m\n                \u001b[36m</span>\u001b[39m\n              \u001b[36m</div>\u001b[39m\n              \u001b[36m<div\u001b[39m\n                \u001b[33mclass\u001b[39m=\u001b[32m\"text-[9px] text-slate-500 uppercase tracking-widest font-bold flex items-center justify-end gap-1\"\u001b[39m\n              \u001b[36m>\u001b[39m\n                \u001b[0mCalculated Output\u001b[0m\n              \u001b[36m</div>\u001b[39m\n            \u001b[36m</div>\u001b[39m\n            \u001b[36m<button\u001b[39m\n              \u001b[33mclass\u001b[39m=\u001b[32m\"p-1.5 text-slate-600 hover:text-red-500 hover:bg-red-500/10 rounded transition-all transition-colors\"\u001b[39m\n              \u001b[33mtitle\u001b[39m=\u001b[32m\"Deconstruct\"\u001b[39m\n            \u001b[36m>\u001b[39m\n              \u001b[36m<svg\u001b[39m\n                \u001b[33maria-hidden\u001b[39m=\u001b[32m\"true\"\u001b[39m\n                \u001b[33mclass\u001b[39m=\u001b[32m\"lucide lucide-trash2 lucide-trash-2\"\u001b[39m\n                \u001b[33mfill\u001b[39m=\u001b[32m\"none\"\u001b[39m\n                \u001b[33mheight\u001b[39m=\u001b[32m\"16\"\u001b[39m\n                \u001b[33mstroke\u001b[39m=\u001b[32m\"currentColor\"\u001b[39m\n                \u001b[33mstroke-linecap\u001b[39m=\u001b[32m\"round\"\u001b[39m\n                \u001b[33mstroke-linejoin\u001b[39m=\u001b[32m\"round\"\u001b[39m\n                \u001b[33mstroke-width\u001b[39m=\u001b[32m\"2\"\u001b[39m\n                \u001b[33mviewBox\u001b[39m=\u001b[32m\"0 0 24 24\"\u001b[39m\n                \u001b[33mwidth\u001b[39m=\u001b[32m\"16\"\u001b[39m\n                \u001b[33mxmlns\u001b[39m=\u001b[32m\"http://www.w3.org/2000/svg\"\u001b[39m\n              \u001b[36m>\u001b[39m\n                \u001b[36m<path\u001b[39m\n                  \u001b[33md\u001b[39m=\u001b[32m\"M10 11v6\"\u001b[39m\n                \u001b[36m/>\u001b[39m\n                \u001b[36m<path\u001b[39m\n                  \u001b[33md\u001b[39m=\u001b[32m\"M14 11v6\"\u001b[39m\n                \u001b[36m/>\u001b[39m\n                \u001b[36m<path\u001b[39m\n                  \u001b[33md\u001b[39m=\u001b[32m\"M19 6v14a2 2 0 0 1-2 2H7a2 2 0 0 1-2-2V6\"\u001b[39m\n                \u001b[36m/>\u001b[39m\n                \u001b[36m<path\u001b[39m\n                  \u001b[33md\u001b[39m=\u001b[32m\"M3 6h18\"\u001b[39m\n                \u001b[36m/>\u001b[39m\n                \u001b[36m<path\u001b[39m\n                  \u001b[33md\u001b[39m=\u001b[32m\"M8 6V4a2 2 0 0 1 2-2h4a2 2 0 0 1 2 2v2\"\u001b[39m\n                \u001b[36m/>\u001b[39m\n              \u001b[36m</svg>\u001b[39m\n            \u001b[36m</button>\u001b[39m\n          \u001b[36m</div>\u001b[39m\n        \u001b[36m</div>\u001b[39m\n        \u001b[36m<div\u001b[39m\n          \u001b[33mclass\u001b[39m=\u001b[32m\"px-4 bg-slate-900/20 border-b border-slate-900/50 flex items-center justify-between gap-2 box-border\"\u001b[39m\n          \u001b[33mstyle\u001b[39m=\u001b[32m\"height: 34px;\"\u001b[39m\n        \u001b[36m>\u001b[39m\n          \u001b[36m<div\u001b[39m\n            \u001b[33mclass\u001b[39m=\u001b[32m\"flex items-center gap-1\"\u001b[39m\n          \u001b[36m>\u001b[39m\n            \u001b[36m<button\u001b[39m\n              \u001b[33mclass\u001b[39m=\u001b[32m\"\n         ...\n    at Object.getElementError (C:\\Users\\prodo\\Antigrav projects\\DSP\\dsp-planner\\node_modules\\@testing-library\\dom\\dist\\config.js:37:19)\n    at C:\\Users\\prodo\\Antigrav projects\\DSP\\dsp-planner\\node_modules\\@testing-library\\dom\\dist\\query-helpers.js:76:38\n    at C:\\Users\\prodo\\Antigrav projects\\DSP\\dsp-planner\\node_modules\\@testing-library\\dom\\dist\\query-helpers.js:52:17\n    at C:\\Users\\prodo\\Antigrav projects\\DSP\\dsp-planner\\node_modules\\@testing-library\\dom\\dist\\query-helpers.js:95:19\n    at C:/Users/prodo/Antigrav projects/DSP/dsp-planner/src/components/blocks/__tests__/Block.test.tsx:98:23\n    at file:///C:/Users/prodo/Antigrav%20projects/DSP/dsp-planner/node_modules/@vitest/runner/dist/index.js:145:11\n    at file:///C:/Users/prodo/Antigrav%20projects/DSP/dsp-planner/node_modules/@vitest/runner/dist/index.js:915:26\n    at file:///C:/Users/prodo/Antigrav%20projects/DSP/dsp-planner/node_modules/@vitest/runner/dist/index.js:1243:20\n    at new Promise (<anonymous>)\n    at runWithTimeout (file:///C:/Users/prodo/Antigrav%20projects/DSP/dsp-planner/node_modules/@vitest/runner/dist/index.js:1209:10)"],"meta":{}},{"ancestorTitles":["Block Component"],"fullName":"Block Component renders input and output ports","status":"failed","title":"renders input and output ports","duration":16.097099999999955,"failureMessages":["TestingLibraryElementError: Unable to find an element with the text: /Iron Ore/i. This could be because the text is broken up by multiple elements. In this case, you can provide a function for your text matcher to make your matcher more flexible.\n\nIgnored nodes: comments, script, style\n\u001b[36m<body>\u001b[39m\n  \u001b[36m<div>\u001b[39m\n    \u001b[36m<div\u001b[39m\n      \u001b[33mclass\u001b[39m=\u001b[32m\"\n                h-auto flex flex-col\n                bg-slate-950 border rounded-lg shadow-2xl font-mono relative group transition-all duration-300\n                border-slate-800 hover:border-slate-700\n                \n            \"\u001b[39m\n      \u001b[33mstyle\u001b[39m=\u001b[32m\"width: 100px; min-height: 100px;\"\u001b[39m\n    \u001b[36m>\u001b[39m\n      \u001b[36m<div\u001b[39m\n        \u001b[33mclass\u001b[39m=\u001b[32m\"absolute top-0 left-0 w-full h-1 rounded-t-lg bg-gradient-to-r from-slate-700 to-slate-800\"\u001b[39m\n      \u001b[36m/>\u001b[39m\n      \u001b[36m<div\u001b[39m\n        \u001b[33mclass\u001b[39m=\u001b[32m\"flex flex-col flex-none relative z-10\"\u001b[39m\n        \u001b[33mstyle\u001b[39m=\u001b[32m\"height: 98px;\"\u001b[39m\n      \u001b[36m>\u001b[39m\n        \u001b[36m<div\u001b[39m\n          \u001b[33mclass\u001b[39m=\u001b[32m\"pt-4 pb-3 px-4 flex justify-between items-center border-b border-slate-900 bg-slate-900/40 rounded-t-lg box-border\"\u001b[39m\n          \u001b[33mstyle\u001b[39m=\u001b[32m\"height: 64px;\"\u001b[39m\n        \u001b[36m>\u001b[39m\n          \u001b[36m<div\u001b[39m\n            \u001b[33mclass\u001b[39m=\u001b[32m\"flex items-center gap-3\"\u001b[39m\n          \u001b[36m>\u001b[39m\n            \u001b[36m<div\u001b[39m\n              \u001b[33mclass\u001b[39m=\u001b[32m\"w-10 h-10 bg-slate-900/50 border rounded flex items-center justify-center shadow-inner transition-colors border-cyan-500/30 text-cyan-400\"\u001b[39m\n            \u001b[36m>\u001b[39m\n              \u001b[36m<svg\u001b[39m\n                \u001b[33maria-hidden\u001b[39m=\u001b[32m\"true\"\u001b[39m\n                \u001b[33mclass\u001b[39m=\u001b[32m\"lucide lucide-settings\"\u001b[39m\n                \u001b[33mfill\u001b[39m=\u001b[32m\"none\"\u001b[39m\n                \u001b[33mheight\u001b[39m=\u001b[32m\"20\"\u001b[39m\n                \u001b[33mstroke\u001b[39m=\u001b[32m\"currentColor\"\u001b[39m\n                \u001b[33mstroke-linecap\u001b[39m=\u001b[32m\"round\"\u001b[39m\n                \u001b[33mstroke-linejoin\u001b[39m=\u001b[32m\"round\"\u001b[39m\n                \u001b[33mstroke-width\u001b[39m=\u001b[32m\"2\"\u001b[39m\n                \u001b[33mviewBox\u001b[39m=\u001b[32m\"0 0 24 24\"\u001b[39m\n                \u001b[33mwidth\u001b[39m=\u001b[32m\"20\"\u001b[39m\n                \u001b[33mxmlns\u001b[39m=\u001b[32m\"http://www.w3.org/2000/svg\"\u001b[39m\n              \u001b[36m>\u001b[39m\n                \u001b[36m<path\u001b[39m\n                  \u001b[33md\u001b[39m=\u001b[32m\"M9.671 4.136a2.34 2.34 0 0 1 4.659 0 2.34 2.34 0 0 0 3.319 1.915 2.34 2.34 0 0 1 2.33 4.033 2.34 2.34 0 0 0 0 3.831 2.34 2.34 0 0 1-2.33 4.033 2.34 2.34 0 0 0-3.319 1.915 2.34 2.34 0 0 1-4.659 0 2.34 2.34 0 0 0-3.32-1.915 2.34 2.34 0 0 1-2.33-4.033 2.34 2.34 0 0 0 0-3.831A2.34 2.34 0 0 1 6.35 6.051a2.34 2.34 0 0 0 3.319-1.915\"\u001b[39m\n                \u001b[36m/>\u001b[39m\n                \u001b[36m<circle\u001b[39m\n                  \u001b[33mcx\u001b[39m=\u001b[32m\"12\"\u001b[39m\n                  \u001b[33mcy\u001b[39m=\u001b[32m\"12\"\u001b[39m\n                  \u001b[33mr\u001b[39m=\u001b[32m\"3\"\u001b[39m\n                \u001b[36m/>\u001b[39m\n              \u001b[36m</svg>\u001b[39m\n            \u001b[36m</div>\u001b[39m\n            \u001b[36m<div>\u001b[39m\n              \u001b[36m<h2\u001b[39m\n                \u001b[33mclass\u001b[39m=\u001b[32m\"text-slate-50 font-bold text-base leading-none uppercase tracking-wider truncate max-w-[150px]\"\u001b[39m\n              \u001b[36m>\u001b[39m\n                \u001b[0mIron Ingot\u001b[0m\n              \u001b[36m</h2>\u001b[39m\n              \u001b[36m<span\u001b[39m\n                \u001b[33mclass\u001b[39m=\u001b[32m\"text-[10px] font-semibold uppercase tracking-widest mt-1 block text-cyan-400/60\"\u001b[39m\n              \u001b[36m>\u001b[39m\n                \u001b[0msmelting\u001b[0m\n              \u001b[36m</span>\u001b[39m\n            \u001b[36m</div>\u001b[39m\n          \u001b[36m</div>\u001b[39m\n          \u001b[36m<div\u001b[39m\n            \u001b[33mclass\u001b[39m=\u001b[32m\"flex items-center gap-4\"\u001b[39m\n          \u001b[36m>\u001b[39m\n            \u001b[36m<div\u001b[39m\n              \u001b[33mclass\u001b[39m=\u001b[32m\"text-right group/input relative\"\u001b[39m\n            \u001b[36m>\u001b[39m\n              \u001b[36m<div\u001b[39m\n                \u001b[33mclass\u001b[39m=\u001b[32m\"flex items-baseline gap-1 justify-end relative\"\u001b[39m\n              \u001b[36m>\u001b[39m\n                \u001b[36m<input\u001b[39m\n                  \u001b[33mclass\u001b[39m=\u001b[32m\"\n                                bg-transparent text-xl font-black focus:outline-none w-20 text-right \n                                [appearance:textfield] [&::-webkit-outer-spin-button]:appearance-none [&::-webkit-inner-spin-button]:appearance-none \n                                nodrag nopan pointer-events-auto transition-all rounded px-1\n                                hover:bg-white/5 focus:bg-white/10 cursor-text\n                                text-white/40\n                            \"\u001b[39m\n                  \u001b[33mtype\u001b[39m=\u001b[32m\"number\"\u001b[39m\n                  \u001b[33mvalue\u001b[39m=\u001b[32m\"60\"\u001b[39m\n                \u001b[36m/>\u001b[39m\n                \u001b[36m<span\u001b[39m\n                  \u001b[33mclass\u001b[39m=\u001b[32m\"text-xs font-bold text-white/20\"\u001b[39m\n                \u001b[36m>\u001b[39m\n                  \u001b[0m/m\u001b[0m\n                \u001b[36m</span>\u001b[39m\n              \u001b[36m</div>\u001b[39m\n              \u001b[36m<div\u001b[39m\n                \u001b[33mclass\u001b[39m=\u001b[32m\"text-[9px] text-slate-500 uppercase tracking-widest font-bold flex items-center justify-end gap-1\"\u001b[39m\n              \u001b[36m>\u001b[39m\n                \u001b[0mCalculated Output\u001b[0m\n              \u001b[36m</div>\u001b[39m\n            \u001b[36m</div>\u001b[39m\n            \u001b[36m<button\u001b[39m\n              \u001b[33mclass\u001b[39m=\u001b[32m\"p-1.5 text-slate-600 hover:text-red-500 hover:bg-red-500/10 rounded transition-all transition-colors\"\u001b[39m\n              \u001b[33mtitle\u001b[39m=\u001b[32m\"Deconstruct\"\u001b[39m\n            \u001b[36m>\u001b[39m\n              \u001b[36m<svg\u001b[39m\n                \u001b[33maria-hidden\u001b[39m=\u001b[32m\"true\"\u001b[39m\n                \u001b[33mclass\u001b[39m=\u001b[32m\"lucide lucide-trash2 lucide-trash-2\"\u001b[39m\n                \u001b[33mfill\u001b[39m=\u001b[32m\"none\"\u001b[39m\n                \u001b[33mheight\u001b[39m=\u001b[32m\"16\"\u001b[39m\n                \u001b[33mstroke\u001b[39m=\u001b[32m\"currentColor\"\u001b[39m\n                \u001b[33mstroke-linecap\u001b[39m=\u001b[32m\"round\"\u001b[39m\n                \u001b[33mstroke-linejoin\u001b[39m=\u001b[32m\"round\"\u001b[39m\n                \u001b[33mstroke-width\u001b[39m=\u001b[32m\"2\"\u001b[39m\n                \u001b[33mviewBox\u001b[39m=\u001b[32m\"0 0 24 24\"\u001b[39m\n                \u001b[33mwidth\u001b[39m=\u001b[32m\"16\"\u001b[39m\n                \u001b[33mxmlns\u001b[39m=\u001b[32m\"http://www.w3.org/2000/svg\"\u001b[39m\n              \u001b[36m>\u001b[39m\n                \u001b[36m<path\u001b[39m\n                  \u001b[33md\u001b[39m=\u001b[32m\"M10 11v6\"\u001b[39m\n                \u001b[36m/>\u001b[39m\n                \u001b[36m<path\u001b[39m\n                  \u001b[33md\u001b[39m=\u001b[32m\"M14 11v6\"\u001b[39m\n                \u001b[36m/>\u001b[39m\n                \u001b[36m<path\u001b[39m\n                  \u001b[33md\u001b[39m=\u001b[32m\"M19 6v14a2 2 0 0 1-2 2H7a2 2 0 0 1-2-2V6\"\u001b[39m\n                \u001b[36m/>\u001b[39m\n                \u001b[36m<path\u001b[39m\n                  \u001b[33md\u001b[39m=\u001b[32m\"M3 6h18\"\u001b[39m\n                \u001b[36m/>\u001b[39m\n                \u001b[36m<path\u001b[39m\n                  \u001b[33md\u001b[39m=\u001b[32m\"M8 6V4a2 2 0 0 1 2-2h4a2 2 0 0 1 2 2v2\"\u001b[39m\n                \u001b[36m/>\u001b[39m\n              \u001b[36m</svg>\u001b[39m\n            \u001b[36m</button>\u001b[39m\n          \u001b[36m</div>\u001b[39m\n        \u001b[36m</div>\u001b[39m\n        \u001b[36m<div\u001b[39m\n          \u001b[33mclass\u001b[39m=\u001b[32m\"px-4 bg-slate-900/20 border-b border-slate-900/50 flex items-center justify-between gap-2 box-border\"\u001b[39m\n          \u001b[33mstyle\u001b[39m=\u001b[32m\"height: 34px;\"\u001b[39m\n        \u001b[36m>\u001b[39m\n          \u001b[36m<div\u001b[39m\n            \u001b[33mclass\u001b[39m=\u001b[32m\"flex items-center gap-1\"\u001b[39m\n          \u001b[36m>\u001b[39m\n            \u001b[36m<button\u001b[39m\n              \u001b[33mclass\u001b[39m=\u001b[32m\"\n         ...\n    at Object.getElementError (C:\\Users\\prodo\\Antigrav projects\\DSP\\dsp-planner\\node_modules\\@testing-library\\dom\\dist\\config.js:37:19)\n    at C:\\Users\\prodo\\Antigrav projects\\DSP\\dsp-planner\\node_modules\\@testing-library\\dom\\dist\\query-helpers.js:76:38\n    at C:\\Users\\prodo\\Antigrav projects\\DSP\\dsp-planner\\node_modules\\@testing-library\\dom\\dist\\query-helpers.js:52:17\n    at C:\\Users\\prodo\\Antigrav projects\\DSP\\dsp-planner\\node_modules\\@testing-library\\dom\\dist\\query-helpers.js:95:19\n    at C:/Users/prodo/Antigrav projects/DSP/dsp-planner/src/components/blocks/__tests__/Block.test.tsx:104:23\n    at file:///C:/Users/prodo/Antigrav%20projects/DSP/dsp-planner/node_modules/@vitest/runner/dist/index.js:145:11\n    at file:///C:/Users/prodo/Antigrav%20projects/DSP/dsp-planner/node_modules/@vitest/runner/dist/index.js:915:26\n    at file:///C:/Users/prodo/Antigrav%20projects/DSP/dsp-planner/node_modules/@vitest/runner/dist/index.js:1243:20\n    at new Promise (<anonymous>)\n    at runWithTimeout (file:///C:/Users/prodo/Antigrav%20projects/DSP/dsp-planner/node_modules/@vitest/runner/dist/index.js:1209:10)"],"meta":{}},{"ancestorTitles":["Block Component"],"fullName":"Block Component calls deleteBlock when delete button is clicked","status":"passed","title":"calls deleteBlock when delete button is clicked","duration":15.366100000000188,"failureMessages":[],"meta":{}},{"ancestorTitles":["Block Component"],"fullName":"Block Component updates target rate when input changes","status":"passed","title":"updates target rate when input changes","duration":10.735999999999876,"failureMessages":[],"meta":{}}],"startTime":1769455109038,"endTime":1769455109232.736,"status":"failed","message":"","name":"C:/Users/prodo/Antigrav projects/DSP/dsp-planner/src/components/blocks/__tests__/Block.test.tsx"},{"assertionResults":[{"ancestorTitles":["SplitterNode Component"],"fullName":"SplitterNode Component renders basic structure","status":"passed","title":"renders basic structure","duration":30.69780000000037,"failureMessages":[],"meta":{}},{"ancestorTitles":["SplitterNode Component"],"fullName":"SplitterNode Component renders handles","status":"passed","title":"renders handles","duration":3.412300000000414,"failureMessages":[],"meta":{}},{"ancestorTitles":["SplitterNode Component"],"fullName":"SplitterNode Component shows config overlay only when selected","status":"passed","title":"shows config overlay only when selected","duration":5.291500000000269,"failureMessages":[],"meta":{}},{"ancestorTitles":["SplitterNode Component"],"fullName":"SplitterNode Component shows filter info if set","status":"passed","title":"shows filter info if set","duration":3.085399999999936,"failureMessages":[],"meta":{}}],"startTime":1769455109055,"endTime":1769455109098.0854,"status":"passed","message":"","name":"C:/Users/prodo/Antigrav projects/DSP/dsp-planner/src/components/nodes/__tests__/SplitterNode.test.tsx"},{"assertionResults":[{"ancestorTitles":["Game Data IO"],"fullName":"Game Data IO should validate default valid data","status":"passed","title":"should validate default valid data","duration":5.6404999999999745,"failureMessages":[],"meta":{}},{"ancestorTitles":["Game Data IO"],"fullName":"Game Data IO should fail validation on invalid schema","status":"passed","title":"should fail validation on invalid schema","duration":1.8479999999999563,"failureMessages":[],"meta":{}},{"ancestorTitles":["Game Data IO"],"fullName":"Game Data IO should export and re-import data correctly","status":"passed","title":"should export and re-import data correctly","duration":0.9678999999996449,"failureMessages":[],"meta":{}},{"ancestorTitles":["Game Data IO"],"fullName":"Game Data IO should handle malformed JSON during import","status":"passed","title":"should handle malformed JSON during import","duration":0.2588999999998123,"failureMessages":[],"meta":{}},{"ancestorTitles":["Game Data IO"],"fullName":"Game Data IO should fail validation on bad categories","status":"passed","title":"should fail validation on bad categories","duration":0.4191000000000713,"failureMessages":[],"meta":{}},{"ancestorTitles":["Game Data IO"],"fullName":"Game Data IO should include error messages on invalid import","status":"passed","title":"should include error messages on invalid import","duration":0.5050000000001091,"failureMessages":[],"meta":{}}],"startTime":1769455108874,"endTime":1769455108884.505,"status":"passed","message":"","name":"C:/Users/prodo/Antigrav projects/DSP/dsp-planner/src/lib/io/__tests__/gameData.test.ts"},{"assertionResults":[{"ancestorTitles":["Toolbar"],"fullName":"Toolbar renders the toolbar","status":"passed","title":"renders the toolbar","duration":38.29449999999997,"failureMessages":[],"meta":{}},{"ancestorTitles":["Toolbar"],"fullName":"Toolbar renders navigation buttons with titles","status":"passed","title":"renders navigation buttons with titles","duration":8.404099999999744,"failureMessages":[],"meta":{}},{"ancestorTitles":["Toolbar"],"fullName":"Toolbar invokes the data editor action","status":"passed","title":"invokes the data editor action","duration":10.257399999999961,"failureMessages":[],"meta":{}}],"startTime":1769455109054,"endTime":1769455109111.2573,"status":"passed","message":"","name":"C:/Users/prodo/Antigrav projects/DSP/dsp-planner/src/components/layout/__tests__/Toolbar.test.tsx"},{"assertionResults":[{"ancestorTitles":["flowSolver"],"fullName":"flowSolver should calculate flow immediately for unconnected input ports (0/x bug fix)","status":"passed","title":"should calculate flow immediately for unconnected input ports (0/x bug fix)","duration":0.7754999999999654,"failureMessages":[],"meta":{}},{"ancestorTitles":["flowSolver"],"fullName":"flowSolver should handle starvation when supply is less than demand","status":"passed","title":"should handle starvation when supply is less than demand","duration":0.2321999999999207,"failureMessages":[],"meta":{}}],"startTime":1769455109963,"endTime":1769455109964.2322,"status":"passed","message":"","name":"C:/Users/prodo/Antigrav projects/DSP/dsp-planner/src/lib/solver/__tests__/flowSolver.test.ts"},{"assertionResults":[{"ancestorTitles":["rateSolver"],"fullName":"rateSolver calculates machine count regarding target rate","status":"passed","title":"calculates machine count regarding target rate","duration":0.8527999999998883,"failureMessages":[],"meta":{}},{"ancestorTitles":["rateSolver"],"fullName":"rateSolver scales machine count linearly with target rate","status":"passed","title":"scales machine count linearly with target rate","duration":0.17059999999992215,"failureMessages":[],"meta":{}},{"ancestorTitles":["rateSolver"],"fullName":"rateSolver accounts for machine speed","status":"passed","title":"accounts for machine speed","duration":0.10479999999984102,"failureMessages":[],"meta":{}},{"ancestorTitles":["rateSolver"],"fullName":"rateSolver accounts for speed modifier (e.g. proliferation)","status":"passed","title":"accounts for speed modifier (e.g. proliferation)","duration":0.07400000000006912,"failureMessages":[],"meta":{}},{"ancestorTitles":["rateSolver"],"fullName":"rateSolver calculates input requirements correclty","status":"passed","title":"calculates input requirements correclty","duration":0.08320000000003347,"failureMessages":[],"meta":{}},{"ancestorTitles":["rateSolver"],"fullName":"rateSolver handles targetRate 0","status":"passed","title":"handles targetRate 0","duration":0.15909999999985303,"failureMessages":[],"meta":{}},{"ancestorTitles":["rateSolver"],"fullName":"rateSolver handles fractional inputs","status":"passed","title":"handles fractional inputs","duration":0.12259999999992033,"failureMessages":[],"meta":{}}],"startTime":1769455110020,"endTime":1769455110021.1707,"status":"passed","message":"","name":"C:/Users/prodo/Antigrav projects/DSP/dsp-planner/src/lib/solver/__tests__/rateSolver.test.ts"},{"assertionResults":[{"ancestorTitles":["checkGameDataConsistency"],"fullName":"checkGameDataConsistency returns no issues for valid data","status":"passed","title":"returns no issues for valid data","duration":1.1242000000002008,"failureMessages":[],"meta":{}},{"ancestorTitles":["checkGameDataConsistency"],"fullName":"checkGameDataConsistency flags unknown machine references","status":"passed","title":"flags unknown machine references","duration":0.1915999999998803,"failureMessages":[],"meta":{}},{"ancestorTitles":["checkGameDataConsistency"],"fullName":"checkGameDataConsistency flags unknown item references","status":"passed","title":"flags unknown item references","duration":0.11310000000003129,"failureMessages":[],"meta":{}},{"ancestorTitles":["checkGameDataConsistency"],"fullName":"checkGameDataConsistency warns about self-looping recipes","status":"passed","title":"warns about self-looping recipes","duration":0.11969999999996617,"failureMessages":[],"meta":{}}],"startTime":1769455110025,"endTime":1769455110027.1917,"status":"passed","message":"","name":"C:/Users/prodo/Antigrav projects/DSP/dsp-planner/src/lib/validation/__tests__/gameValidators.test.ts"},{"assertionResults":[{"ancestorTitles":["BlockHeader Component"],"fullName":"BlockHeader Component renders label and sublabel","status":"passed","title":"renders label and sublabel","duration":179.0689000000002,"failureMessages":[],"meta":{}},{"ancestorTitles":["BlockHeader Component"],"fullName":"BlockHeader Component shows red text when conflict exists","status":"passed","title":"shows red text when conflict exists","duration":5.090799999999945,"failureMessages":[],"meta":{}},{"ancestorTitles":["BlockHeader Component"],"fullName":"BlockHeader Component calls onDelete when delete button clicked","status":"passed","title":"calls onDelete when delete button clicked","duration":6.956200000000081,"failureMessages":[],"meta":{}},{"ancestorTitles":["BlockHeader Component"],"fullName":"BlockHeader Component calls onUpdateRate when input changes","status":"passed","title":"calls onUpdateRate when input changes","duration":5.229199999999764,"failureMessages":[],"meta":{}},{"ancestorTitles":["BlockHeader Component"],"fullName":"BlockHeader Component handles mouse wheel on input","status":"passed","title":"handles mouse wheel on input","duration":9.26279999999997,"failureMessages":[],"meta":{}}],"startTime":1769455108906,"endTime":1769455109112.2627,"status":"passed","message":"","name":"C:/Users/prodo/Antigrav projects/DSP/dsp-planner/src/components/blocks/parts/__tests__/BlockHeader.test.tsx"},{"assertionResults":[{"ancestorTitles":["BlockMachineControls Component"],"fullName":"BlockMachineControls Component renders machine name","status":"passed","title":"renders machine name","duration":32.18939999999975,"failureMessages":[],"meta":{}},{"ancestorTitles":["BlockMachineControls Component"],"fullName":"BlockMachineControls Component calls onCycleMachine when clicked if alternatives exist","status":"passed","title":"calls onCycleMachine when clicked if alternatives exist","duration":7.360000000000127,"failureMessages":[],"meta":{}},{"ancestorTitles":["BlockMachineControls Component"],"fullName":"BlockMachineControls Component does NOT call onCycleMachine if no alternatives","status":"passed","title":"does NOT call onCycleMachine if no alternatives","duration":3.073899999999867,"failureMessages":[],"meta":{}},{"ancestorTitles":["BlockMachineControls Component"],"fullName":"BlockMachineControls Component cycles modifier level","status":"passed","title":"cycles modifier level","duration":5.397600000000239,"failureMessages":[],"meta":{}},{"ancestorTitles":["BlockMachineControls Component"],"fullName":"BlockMachineControls Component toggles modifier type when active","status":"passed","title":"toggles modifier type when active","duration":2.879199999999855,"failureMessages":[],"meta":{}},{"ancestorTitles":["BlockMachineControls Component"],"fullName":"BlockMachineControls Component hides type toggle when level is 0","status":"passed","title":"hides type toggle when level is 0","duration":2.9079000000001543,"failureMessages":[],"meta":{}}],"startTime":1769455108982,"endTime":1769455109035.908,"status":"passed","message":"","name":"C:/Users/prodo/Antigrav projects/DSP/dsp-planner/src/components/blocks/parts/__tests__/BlockMachineControls.test.tsx"},{"assertionResults":[{"ancestorTitles":["BlockPortList Component"],"fullName":"BlockPortList Component renders list of ports","status":"failed","title":"renders list of ports","duration":86.76240000000007,"failureMessages":["TestingLibraryElementError: Unable to find an element with the text: IRON ORE. This could be because the text is broken up by multiple elements. In this case, you can provide a function for your text matcher to make your matcher more flexible.\n\nIgnored nodes: comments, script, style\n\u001b[36m<body>\u001b[39m\n  \u001b[36m<div>\u001b[39m\n    \u001b[36m<div\u001b[39m\n      \u001b[33mclass\u001b[39m=\u001b[32m\"relative w-full h-full\"\u001b[39m\n    \u001b[36m>\u001b[39m\n      \u001b[36m<span\u001b[39m\n        \u001b[33mclass\u001b[39m=\u001b[32m\"absolute top-0 w-full text-[9px] text-slate-500 font-black uppercase tracking-tighter pb-1 flex items-end pointer-events-none \"\u001b[39m\n        \u001b[33mstyle\u001b[39m=\u001b[32m\"height: 24px;\"\u001b[39m\n      \u001b[36m>\u001b[39m\n        \u001b[0mInputs\u001b[0m\n      \u001b[36m</span>\u001b[39m\n      \u001b[36m<div\u001b[39m\n        \u001b[33mclass\u001b[39m=\u001b[32m\"absolute w-full group/port\"\u001b[39m\n        \u001b[33mstyle\u001b[39m=\u001b[32m\"top: 24px; height: 40px;\"\u001b[39m\n      \u001b[36m>\u001b[39m\n        \u001b[36m<div\u001b[39m\n          \u001b[33mclass\u001b[39m=\u001b[32m\"\n                                !absolute !inset-0 z-50 cursor-pointer\n                                flex flex-col px-2 py-1.5 transition-all duration-200\n                                items-start\n                                hover:border-cyan-400 hover:bg-cyan-500/10 hover:shadow-[0_0_15px_rgba(34,211,238,0.15)]\n                            \"\u001b[39m\n          \u001b[33mdata-testid\u001b[39m=\u001b[32m\"handle-target-p1\"\u001b[39m\n          \u001b[33mstyle\u001b[39m=\u001b[32m\"top: 0px; left: 0px; width: 100%; height: 100%; min-width: 100%; min-height: 100%; background: rgba(255, 255, 255, 0.02); border-radius: 0.25rem; border-width: medium medium medium 2px; border-style: none none none solid; border-color: currentcolor currentcolor currentcolor rgb(51, 65, 85); border-image: none; transform: none;\"\u001b[39m\n        \u001b[36m/>\u001b[39m\n      \u001b[36m</div>\u001b[39m\n      \u001b[36m<div\u001b[39m\n        \u001b[33mclass\u001b[39m=\u001b[32m\"absolute w-full group/port\"\u001b[39m\n        \u001b[33mstyle\u001b[39m=\u001b[32m\"top: 74px; height: 40px;\"\u001b[39m\n      \u001b[36m>\u001b[39m\n        \u001b[36m<div\u001b[39m\n          \u001b[33mclass\u001b[39m=\u001b[32m\"\n                                !absolute !inset-0 z-50 cursor-pointer\n                                flex flex-col px-2 py-1.5 transition-all duration-200\n                                items-start\n                                \n                            \"\u001b[39m\n          \u001b[33mdata-testid\u001b[39m=\u001b[32m\"handle-target-p2\"\u001b[39m\n          \u001b[33mstyle\u001b[39m=\u001b[32m\"top: 0px; left: 0px; width: 100%; height: 100%; min-width: 100%; min-height: 100%; background: rgba(251, 191, 36, 0.1); border-radius: 0.25rem; border-width: medium medium medium 2px; border-style: none none none solid; border-color: currentcolor currentcolor currentcolor rgb(251, 191, 36); border-image: none; transform: none;\"\u001b[39m\n        \u001b[36m/>\u001b[39m\n      \u001b[36m</div>\u001b[39m\n    \u001b[36m</div>\u001b[39m\n  \u001b[36m</div>\u001b[39m\n\u001b[36m</body>\u001b[39m\n    at Object.getElementError (C:\\Users\\prodo\\Antigrav projects\\DSP\\dsp-planner\\node_modules\\@testing-library\\dom\\dist\\config.js:37:19)\n    at C:\\Users\\prodo\\Antigrav projects\\DSP\\dsp-planner\\node_modules\\@testing-library\\dom\\dist\\query-helpers.js:76:38\n    at C:\\Users\\prodo\\Antigrav projects\\DSP\\dsp-planner\\node_modules\\@testing-library\\dom\\dist\\query-helpers.js:52:17\n    at C:\\Users\\prodo\\Antigrav projects\\DSP\\dsp-planner\\node_modules\\@testing-library\\dom\\dist\\query-helpers.js:95:19\n    at C:/Users/prodo/Antigrav projects/DSP/dsp-planner/src/components/blocks/parts/__tests__/BlockPortList.test.tsx:44:23\n    at file:///C:/Users/prodo/Antigrav%20projects/DSP/dsp-planner/node_modules/@vitest/runner/dist/index.js:145:11\n    at file:///C:/Users/prodo/Antigrav%20projects/DSP/dsp-planner/node_modules/@vitest/runner/dist/index.js:915:26\n    at file:///C:/Users/prodo/Antigrav%20projects/DSP/dsp-planner/node_modules/@vitest/runner/dist/index.js:1243:20\n    at new Promise (<anonymous>)\n    at runWithTimeout (file:///C:/Users/prodo/Antigrav%20projects/DSP/dsp-planner/node_modules/@vitest/runner/dist/index.js:1209:10)"],"meta":{}},{"ancestorTitles":["BlockPortList Component"],"fullName":"BlockPortList Component displays rates","status":"failed","title":"displays rates","duration":14.260099999999966,"failureMessages":["TestingLibraryElementError: Unable to find an element with the text: 60.0. This could be because the text is broken up by multiple elements. In this case, you can provide a function for your text matcher to make your matcher more flexible.\n\nIgnored nodes: comments, script, style\n\u001b[36m<body>\u001b[39m\n  \u001b[36m<div>\u001b[39m\n    \u001b[36m<div\u001b[39m\n      \u001b[33mclass\u001b[39m=\u001b[32m\"relative w-full h-full\"\u001b[39m\n    \u001b[36m>\u001b[39m\n      \u001b[36m<span\u001b[39m\n        \u001b[33mclass\u001b[39m=\u001b[32m\"absolute top-0 w-full text-[9px] text-slate-500 font-black uppercase tracking-tighter pb-1 flex items-end pointer-events-none \"\u001b[39m\n        \u001b[33mstyle\u001b[39m=\u001b[32m\"height: 24px;\"\u001b[39m\n      \u001b[36m>\u001b[39m\n        \u001b[0mInputs\u001b[0m\n      \u001b[36m</span>\u001b[39m\n      \u001b[36m<div\u001b[39m\n        \u001b[33mclass\u001b[39m=\u001b[32m\"absolute w-full group/port\"\u001b[39m\n        \u001b[33mstyle\u001b[39m=\u001b[32m\"top: 24px; height: 40px;\"\u001b[39m\n      \u001b[36m>\u001b[39m\n        \u001b[36m<div\u001b[39m\n          \u001b[33mclass\u001b[39m=\u001b[32m\"\n                                !absolute !inset-0 z-50 cursor-pointer\n                                flex flex-col px-2 py-1.5 transition-all duration-200\n                                items-start\n                                hover:border-cyan-400 hover:bg-cyan-500/10 hover:shadow-[0_0_15px_rgba(34,211,238,0.15)]\n                            \"\u001b[39m\n          \u001b[33mdata-testid\u001b[39m=\u001b[32m\"handle-target-p1\"\u001b[39m\n          \u001b[33mstyle\u001b[39m=\u001b[32m\"top: 0px; left: 0px; width: 100%; height: 100%; min-width: 100%; min-height: 100%; background: rgba(255, 255, 255, 0.02); border-radius: 0.25rem; border-width: medium medium medium 2px; border-style: none none none solid; border-color: currentcolor currentcolor currentcolor rgb(51, 65, 85); border-image: none; transform: none;\"\u001b[39m\n        \u001b[36m/>\u001b[39m\n      \u001b[36m</div>\u001b[39m\n      \u001b[36m<div\u001b[39m\n        \u001b[33mclass\u001b[39m=\u001b[32m\"absolute w-full group/port\"\u001b[39m\n        \u001b[33mstyle\u001b[39m=\u001b[32m\"top: 74px; height: 40px;\"\u001b[39m\n      \u001b[36m>\u001b[39m\n        \u001b[36m<div\u001b[39m\n          \u001b[33mclass\u001b[39m=\u001b[32m\"\n                                !absolute !inset-0 z-50 cursor-pointer\n                                flex flex-col px-2 py-1.5 transition-all duration-200\n                                items-start\n                                \n                            \"\u001b[39m\n          \u001b[33mdata-testid\u001b[39m=\u001b[32m\"handle-target-p2\"\u001b[39m\n          \u001b[33mstyle\u001b[39m=\u001b[32m\"top: 0px; left: 0px; width: 100%; height: 100%; min-width: 100%; min-height: 100%; background: rgba(251, 191, 36, 0.1); border-radius: 0.25rem; border-width: medium medium medium 2px; border-style: none none none solid; border-color: currentcolor currentcolor currentcolor rgb(251, 191, 36); border-image: none; transform: none;\"\u001b[39m\n        \u001b[36m/>\u001b[39m\n      \u001b[36m</div>\u001b[39m\n    \u001b[36m</div>\u001b[39m\n  \u001b[36m</div>\u001b[39m\n\u001b[36m</body>\u001b[39m\n    at Object.getElementError (C:\\Users\\prodo\\Antigrav projects\\DSP\\dsp-planner\\node_modules\\@testing-library\\dom\\dist\\config.js:37:19)\n    at C:\\Users\\prodo\\Antigrav projects\\DSP\\dsp-planner\\node_modules\\@testing-library\\dom\\dist\\query-helpers.js:76:38\n    at C:\\Users\\prodo\\Antigrav projects\\DSP\\dsp-planner\\node_modules\\@testing-library\\dom\\dist\\query-helpers.js:52:17\n    at C:\\Users\\prodo\\Antigrav projects\\DSP\\dsp-planner\\node_modules\\@testing-library\\dom\\dist\\query-helpers.js:95:19\n    at C:/Users/prodo/Antigrav projects/DSP/dsp-planner/src/components/blocks/parts/__tests__/BlockPortList.test.tsx:50:23\n    at file:///C:/Users/prodo/Antigrav%20projects/DSP/dsp-planner/node_modules/@vitest/runner/dist/index.js:145:11\n    at file:///C:/Users/prodo/Antigrav%20projects/DSP/dsp-planner/node_modules/@vitest/runner/dist/index.js:915:26\n    at file:///C:/Users/prodo/Antigrav%20projects/DSP/dsp-planner/node_modules/@vitest/runner/dist/index.js:1243:20\n    at new Promise (<anonymous>)\n    at runWithTimeout (file:///C:/Users/prodo/Antigrav%20projects/DSP/dsp-planner/node_modules/@vitest/runner/dist/index.js:1209:10)"],"meta":{}},{"ancestorTitles":["BlockPortList Component"],"fullName":"BlockPortList Component applies starvation styles","status":"failed","title":"applies starvation styles","duration":9.286399999999958,"failureMessages":["TestingLibraryElementError: Unable to find an element with the text: 30.0. This could be because the text is broken up by multiple elements. In this case, you can provide a function for your text matcher to make your matcher more flexible.\n\nIgnored nodes: comments, script, style\n\u001b[36m<body>\u001b[39m\n  \u001b[36m<div>\u001b[39m\n    \u001b[36m<div\u001b[39m\n      \u001b[33mclass\u001b[39m=\u001b[32m\"relative w-full h-full\"\u001b[39m\n    \u001b[36m>\u001b[39m\n      \u001b[36m<span\u001b[39m\n        \u001b[33mclass\u001b[39m=\u001b[32m\"absolute top-0 w-full text-[9px] text-slate-500 font-black uppercase tracking-tighter pb-1 flex items-end pointer-events-none \"\u001b[39m\n        \u001b[33mstyle\u001b[39m=\u001b[32m\"height: 24px;\"\u001b[39m\n      \u001b[36m>\u001b[39m\n        \u001b[0mInputs\u001b[0m\n      \u001b[36m</span>\u001b[39m\n      \u001b[36m<div\u001b[39m\n        \u001b[33mclass\u001b[39m=\u001b[32m\"absolute w-full group/port\"\u001b[39m\n        \u001b[33mstyle\u001b[39m=\u001b[32m\"top: 24px; height: 40px;\"\u001b[39m\n      \u001b[36m>\u001b[39m\n        \u001b[36m<div\u001b[39m\n          \u001b[33mclass\u001b[39m=\u001b[32m\"\n                                !absolute !inset-0 z-50 cursor-pointer\n                                flex flex-col px-2 py-1.5 transition-all duration-200\n                                items-start\n                                hover:border-cyan-400 hover:bg-cyan-500/10 hover:shadow-[0_0_15px_rgba(34,211,238,0.15)]\n                            \"\u001b[39m\n          \u001b[33mdata-testid\u001b[39m=\u001b[32m\"handle-target-p1\"\u001b[39m\n          \u001b[33mstyle\u001b[39m=\u001b[32m\"top: 0px; left: 0px; width: 100%; height: 100%; min-width: 100%; min-height: 100%; background: rgba(255, 255, 255, 0.02); border-radius: 0.25rem; border-width: medium medium medium 2px; border-style: none none none solid; border-color: currentcolor currentcolor currentcolor rgb(51, 65, 85); border-image: none; transform: none;\"\u001b[39m\n        \u001b[36m/>\u001b[39m\n      \u001b[36m</div>\u001b[39m\n      \u001b[36m<div\u001b[39m\n        \u001b[33mclass\u001b[39m=\u001b[32m\"absolute w-full group/port\"\u001b[39m\n        \u001b[33mstyle\u001b[39m=\u001b[32m\"top: 74px; height: 40px;\"\u001b[39m\n      \u001b[36m>\u001b[39m\n        \u001b[36m<div\u001b[39m\n          \u001b[33mclass\u001b[39m=\u001b[32m\"\n                                !absolute !inset-0 z-50 cursor-pointer\n                                flex flex-col px-2 py-1.5 transition-all duration-200\n                                items-start\n                                \n                            \"\u001b[39m\n          \u001b[33mdata-testid\u001b[39m=\u001b[32m\"handle-target-p2\"\u001b[39m\n          \u001b[33mstyle\u001b[39m=\u001b[32m\"top: 0px; left: 0px; width: 100%; height: 100%; min-width: 100%; min-height: 100%; background: rgba(251, 191, 36, 0.1); border-radius: 0.25rem; border-width: medium medium medium 2px; border-style: none none none solid; border-color: currentcolor currentcolor currentcolor rgb(251, 191, 36); border-image: none; transform: none;\"\u001b[39m\n        \u001b[36m/>\u001b[39m\n      \u001b[36m</div>\u001b[39m\n    \u001b[36m</div>\u001b[39m\n  \u001b[36m</div>\u001b[39m\n\u001b[36m</body>\u001b[39m\n    at Object.getElementError (C:\\Users\\prodo\\Antigrav projects\\DSP\\dsp-planner\\node_modules\\@testing-library\\dom\\dist\\config.js:37:19)\n    at C:\\Users\\prodo\\Antigrav projects\\DSP\\dsp-planner\\node_modules\\@testing-library\\dom\\dist\\query-helpers.js:76:38\n    at C:\\Users\\prodo\\Antigrav projects\\DSP\\dsp-planner\\node_modules\\@testing-library\\dom\\dist\\query-helpers.js:52:17\n    at C:\\Users\\prodo\\Antigrav projects\\DSP\\dsp-planner\\node_modules\\@testing-library\\dom\\dist\\query-helpers.js:95:19\n    at C:/Users/prodo/Antigrav projects/DSP/dsp-planner/src/components/blocks/parts/__tests__/BlockPortList.test.tsx:56:35\n    at file:///C:/Users/prodo/Antigrav%20projects/DSP/dsp-planner/node_modules/@vitest/runner/dist/index.js:145:11\n    at file:///C:/Users/prodo/Antigrav%20projects/DSP/dsp-planner/node_modules/@vitest/runner/dist/index.js:915:26\n    at file:///C:/Users/prodo/Antigrav%20projects/DSP/dsp-planner/node_modules/@vitest/runner/dist/index.js:1243:20\n    at new Promise (<anonymous>)\n    at runWithTimeout (file:///C:/Users/prodo/Antigrav%20projects/DSP/dsp-planner/node_modules/@vitest/runner/dist/index.js:1209:10)"],"meta":{}},{"ancestorTitles":["BlockPortList Component"],"fullName":"BlockPortList Component renders handles","status":"passed","title":"renders handles","duration":26.29370000000017,"failureMessages":[],"meta":{}},{"ancestorTitles":["BlockPortList Component"],"fullName":"BlockPortList Component calls onPortClick when handle clicked","status":"passed","title":"calls onPortClick when handle clicked","duration":18.20109999999977,"failureMessages":[],"meta":{}},{"ancestorTitles":["BlockPortList Component"],"fullName":"BlockPortList Component renders primary output button for outputs","status":"failed","title":"renders primary output button for outputs","duration":13.835500000000138,"failureMessages":["TestingLibraryElementError: Unable to find an element with the title: Set as Primary Output.\n\nIgnored nodes: comments, script, style\n\u001b[36m<body>\u001b[39m\n  \u001b[36m<div>\u001b[39m\n    \u001b[36m<div\u001b[39m\n      \u001b[33mclass\u001b[39m=\u001b[32m\"relative w-full h-full\"\u001b[39m\n    \u001b[36m>\u001b[39m\n      \u001b[36m<span\u001b[39m\n        \u001b[33mclass\u001b[39m=\u001b[32m\"absolute top-0 w-full text-[9px] text-slate-500 font-black uppercase tracking-tighter pb-1 flex items-end pointer-events-none justify-end\"\u001b[39m\n        \u001b[33mstyle\u001b[39m=\u001b[32m\"height: 24px;\"\u001b[39m\n      \u001b[36m>\u001b[39m\n        \u001b[0mOutputs\u001b[0m\n      \u001b[36m</span>\u001b[39m\n      \u001b[36m<div\u001b[39m\n        \u001b[33mclass\u001b[39m=\u001b[32m\"absolute w-full group/port\"\u001b[39m\n        \u001b[33mstyle\u001b[39m=\u001b[32m\"top: 24px; height: 40px;\"\u001b[39m\n      \u001b[36m>\u001b[39m\n        \u001b[36m<div\u001b[39m\n          \u001b[33mclass\u001b[39m=\u001b[32m\"\n                                !absolute !inset-0 z-50 cursor-pointer\n                                flex flex-col px-2 py-1.5 transition-all duration-200\n                                items-end\n                                hover:border-cyan-400 hover:bg-cyan-500/10 hover:shadow-[0_0_15px_rgba(34,211,238,0.15)]\n                            \"\u001b[39m\n          \u001b[33mdata-testid\u001b[39m=\u001b[32m\"handle-source-out1\"\u001b[39m\n          \u001b[33mstyle\u001b[39m=\u001b[32m\"top: 0px; left: 0px; width: 100%; height: 100%; min-width: 100%; min-height: 100%; background: rgba(255, 255, 255, 0.02); border-radius: 0.25rem; border-width: medium 2px medium medium; border-style: none solid none none; border-color: currentcolor rgb(51, 65, 85) currentcolor currentcolor; border-image: none; transform: none;\"\u001b[39m\n        \u001b[36m/>\u001b[39m\n      \u001b[36m</div>\u001b[39m\n      \u001b[36m<div\u001b[39m\n        \u001b[33mclass\u001b[39m=\u001b[32m\"absolute w-full group/port\"\u001b[39m\n        \u001b[33mstyle\u001b[39m=\u001b[32m\"top: 74px; height: 40px;\"\u001b[39m\n      \u001b[36m>\u001b[39m\n        \u001b[36m<div\u001b[39m\n          \u001b[33mclass\u001b[39m=\u001b[32m\"\n                                !absolute !inset-0 z-50 cursor-pointer\n                                flex flex-col px-2 py-1.5 transition-all duration-200\n                                items-end\n                                hover:border-cyan-400 hover:bg-cyan-500/10 hover:shadow-[0_0_15px_rgba(34,211,238,0.15)]\n                            \"\u001b[39m\n          \u001b[33mdata-testid\u001b[39m=\u001b[32m\"handle-source-out2\"\u001b[39m\n          \u001b[33mstyle\u001b[39m=\u001b[32m\"top: 0px; left: 0px; width: 100%; height: 100%; min-width: 100%; min-height: 100%; background: rgba(255, 255, 255, 0.02); border-radius: 0.25rem; border-width: medium 2px medium medium; border-style: none solid none none; border-color: currentcolor rgb(51, 65, 85) currentcolor currentcolor; border-image: none; transform: none;\"\u001b[39m\n        \u001b[36m/>\u001b[39m\n      \u001b[36m</div>\u001b[39m\n    \u001b[36m</div>\u001b[39m\n  \u001b[36m</div>\u001b[39m\n\u001b[36m</body>\u001b[39m\n    at Object.getElementError (C:\\Users\\prodo\\Antigrav projects\\DSP\\dsp-planner\\node_modules\\@testing-library\\dom\\dist\\config.js:37:19)\n    at C:\\Users\\prodo\\Antigrav projects\\DSP\\dsp-planner\\node_modules\\@testing-library\\dom\\dist\\query-helpers.js:76:38\n    at C:\\Users\\prodo\\Antigrav projects\\DSP\\dsp-planner\\node_modules\\@testing-library\\dom\\dist\\query-helpers.js:109:15\n    at C:/Users/prodo/Antigrav projects/DSP/dsp-planner/src/components/blocks/parts/__tests__/BlockPortList.test.tsx:85:36\n    at file:///C:/Users/prodo/Antigrav%20projects/DSP/dsp-planner/node_modules/@vitest/runner/dist/index.js:145:11\n    at file:///C:/Users/prodo/Antigrav%20projects/DSP/dsp-planner/node_modules/@vitest/runner/dist/index.js:915:26\n    at file:///C:/Users/prodo/Antigrav%20projects/DSP/dsp-planner/node_modules/@vitest/runner/dist/index.js:1243:20\n    at new Promise (<anonymous>)\n    at runWithTimeout (file:///C:/Users/prodo/Antigrav%20projects/DSP/dsp-planner/node_modules/@vitest/runner/dist/index.js:1209:10)\n    at file:///C:/Users/prodo/Antigrav%20projects/DSP/dsp-planner/node_modules/@vitest/runner/dist/index.js:1653:37"],"meta":{}}],"startTime":1769455108687,"endTime":1769455108857.8354,"status":"failed","message":"","name":"C:/Users/prodo/Antigrav projects/DSP/dsp-planner/src/components/blocks/parts/__tests__/BlockPortList.test.tsx"},{"assertionResults":[{"ancestorTitles":["GameDataEditor"],"fullName":"GameDataEditor renders the editor","status":"passed","title":"renders the editor","duration":29.017499999999927,"failureMessages":[],"meta":{}},{"ancestorTitles":["GameDataEditor"],"fullName":"GameDataEditor displays navigation tabs","status":"passed","title":"displays navigation tabs","duration":9.350399999999809,"failureMessages":[],"meta":{}},{"ancestorTitles":["GameDataEditor"],"fullName":"GameDataEditor shows items list by default","status":"passed","title":"shows items list by default","duration":3.63149999999996,"failureMessages":[],"meta":{}},{"ancestorTitles":["GameDataEditor"],"fullName":"GameDataEditor switches to recipes tab","status":"passed","title":"switches to recipes tab","duration":14.714399999999841,"failureMessages":[],"meta":{}},{"ancestorTitles":["GameDataEditor"],"fullName":"GameDataEditor switches to machines tab","status":"passed","title":"switches to machines tab","duration":10.270899999999983,"failureMessages":[],"meta":{}},{"ancestorTitles":["GameDataEditor"],"fullName":"GameDataEditor selects an item to edit","status":"passed","title":"selects an item to edit","duration":25.995400000000245,"failureMessages":[],"meta":{}},{"ancestorTitles":["GameDataEditor"],"fullName":"GameDataEditor updates an item","status":"passed","title":"updates an item","duration":24.972800000000007,"failureMessages":[],"meta":{}},{"ancestorTitles":["GameDataEditor"],"fullName":"GameDataEditor creates a new item","status":"passed","title":"creates a new item","duration":23.134999999999764,"failureMessages":[],"meta":{}},{"ancestorTitles":["GameDataEditor"],"fullName":"GameDataEditor selects and edits a recipe","status":"passed","title":"selects and edits a recipe","duration":21.630099999999857,"failureMessages":[],"meta":{}},{"ancestorTitles":["GameDataEditor"],"fullName":"GameDataEditor shows import/export buttons","status":"passed","title":"shows import/export buttons","duration":7.277499999999691,"failureMessages":[],"meta":{}},{"ancestorTitles":["GameDataEditor"],"fullName":"GameDataEditor selects and edits a machine","status":"passed","title":"selects and edits a machine","duration":12.623599999999897,"failureMessages":[],"meta":{}},{"ancestorTitles":["GameDataEditor"],"fullName":"GameDataEditor deletes an item","status":"passed","title":"deletes an item","duration":9.253700000000208,"failureMessages":[],"meta":{}},{"ancestorTitles":["GameDataEditor"],"fullName":"GameDataEditor manages belts","status":"passed","title":"manages belts","duration":14.19880000000012,"failureMessages":[],"meta":{}},{"ancestorTitles":["GameDataEditor"],"fullName":"GameDataEditor imports and loads data","status":"passed","title":"imports and loads data","duration":9.534499999999753,"failureMessages":[],"meta":{}},{"ancestorTitles":["GameDataEditor"],"fullName":"GameDataEditor handles invalid import data","status":"passed","title":"handles invalid import data","duration":4.748800000000301,"failureMessages":[],"meta":{}}],"startTime":1769455109137,"endTime":1769455109357.7488,"status":"passed","message":"","name":"C:/Users/prodo/Antigrav projects/DSP/dsp-planner/src/components/modals/GameDataEditor/__tests__/GameDataEditor.test.tsx"}]}