TN:
SF:src\App.tsx
FN:12,(anonymous_0)
FN:19,(anonymous_1)
FN:21,(anonymous_2)
FN:36,(anonymous_3)
FN:40,(anonymous_4)
FN:43,(anonymous_5)
FN:56,(anonymous_6)
FN:60,(anonymous_7)
FN:64,(anonymous_8)
FN:73,App
FN:76,(anonymous_10)
FN:77,(anonymous_11)
FN:78,(anonymous_12)
FN:81,(anonymous_13)
FN:86,(anonymous_14)
FN:87,(anonymous_15)
FN:95,(anonymous_16)
FN:101,(anonymous_17)
FN:102,(anonymous_18)
FN:116,(anonymous_19)
FN:120,(anonymous_20)
FN:123,(anonymous_21)
FNF:22
FNH:0
FNDA:0,(anonymous_0)
FNDA:0,(anonymous_1)
FNDA:0,(anonymous_2)
FNDA:0,(anonymous_3)
FNDA:0,(anonymous_4)
FNDA:0,(anonymous_5)
FNDA:0,(anonymous_6)
FNDA:0,(anonymous_7)
FNDA:0,(anonymous_8)
FNDA:0,App
FNDA:0,(anonymous_10)
FNDA:0,(anonymous_11)
FNDA:0,(anonymous_12)
FNDA:0,(anonymous_13)
FNDA:0,(anonymous_14)
FNDA:0,(anonymous_15)
FNDA:0,(anonymous_16)
FNDA:0,(anonymous_17)
FNDA:0,(anonymous_18)
FNDA:0,(anonymous_19)
FNDA:0,(anonymous_20)
FNDA:0,(anonymous_21)
DA:12,0
DA:18,0
DA:19,0
DA:21,0
DA:23,0
DA:27,0
DA:28,0
DA:31,0
DA:36,0
DA:40,0
DA:43,0
DA:56,0
DA:60,0
DA:64,0
DA:74,0
DA:75,0
DA:76,0
DA:77,0
DA:78,0
DA:81,0
DA:82,0
DA:86,0
DA:87,0
DA:88,0
DA:89,0
DA:90,0
DA:91,0
DA:94,0
DA:95,0
DA:98,0
DA:101,0
DA:102,0
DA:116,0
DA:120,0
DA:123,0
LF:35
LH:0
BRDA:33,0,0,0
BRDA:33,0,1,0
BRDA:53,1,0,0
BRDA:53,1,1,0
BRDA:88,2,0,0
BRDA:88,2,1,0
BRDA:113,3,0,0
BRDA:113,3,1,0
BRF:8
BRH:0
end_of_record
TN:
SF:src\main.tsx
FNF:0
FNH:0
DA:6,0
LF:1
LH:0
BRF:0
BRH:0
end_of_record
TN:
SF:src\components\blocks\Block.tsx
FN:12,(anonymous_0)
FN:13,(anonymous_1)
FN:14,(anonymous_2)
FN:15,(anonymous_3)
FN:16,(anonymous_4)
FN:20,(anonymous_5)
FN:21,(anonymous_6)
FN:24,(anonymous_7)
FN:30,(anonymous_8)
FN:31,(anonymous_9)
FN:35,(anonymous_10)
FN:36,(anonymous_11)
FN:37,(anonymous_12)
FN:40,(anonymous_13)
FN:54,(anonymous_14)
FN:59,(anonymous_15)
FN:64,(anonymous_16)
FN:68,(anonymous_17)
FN:84,(anonymous_18)
FN:87,(anonymous_19)
FN:90,(anonymous_20)
FN:91,(anonymous_21)
FN:98,(anonymous_22)
FN:100,(anonymous_23)
FN:103,(anonymous_24)
FN:110,(anonymous_25)
FN:112,(anonymous_26)
FN:113,(anonymous_27)
FN:117,(anonymous_28)
FN:123,(anonymous_29)
FN:209,(anonymous_30)
FNF:31
FNH:17
FNDA:4,(anonymous_0)
FNDA:4,(anonymous_1)
FNDA:4,(anonymous_2)
FNDA:4,(anonymous_3)
FNDA:4,(anonymous_4)
FNDA:4,(anonymous_5)
FNDA:4,(anonymous_6)
FNDA:4,(anonymous_7)
FNDA:8,(anonymous_8)
FNDA:28,(anonymous_9)
FNDA:4,(anonymous_10)
FNDA:0,(anonymous_11)
FNDA:0,(anonymous_12)
FNDA:0,(anonymous_13)
FNDA:1,(anonymous_14)
FNDA:0,(anonymous_15)
FNDA:4,(anonymous_16)
FNDA:0,(anonymous_17)
FNDA:4,(anonymous_18)
FNDA:1,(anonymous_19)
FNDA:4,(anonymous_20)
FNDA:20,(anonymous_21)
FNDA:0,(anonymous_22)
FNDA:0,(anonymous_23)
FNDA:0,(anonymous_24)
FNDA:0,(anonymous_25)
FNDA:0,(anonymous_26)
FNDA:0,(anonymous_27)
FNDA:0,(anonymous_28)
FNDA:0,(anonymous_29)
FNDA:0,(anonymous_30)
DA:12,1
DA:13,4
DA:14,4
DA:15,4
DA:16,4
DA:17,4
DA:20,4
DA:21,4
DA:23,4
DA:24,4
DA:25,4
DA:26,4
DA:27,0
DA:30,4
DA:31,28
DA:35,4
DA:36,4
DA:37,4
DA:39,4
DA:40,4
DA:41,0
DA:42,0
DA:43,0
DA:45,0
DA:46,0
DA:50,4
DA:54,4
DA:59,4
DA:64,4
DA:65,4
DA:66,4
DA:68,4
DA:69,0
DA:70,0
DA:72,0
DA:73,0
DA:74,0
DA:76,0
DA:80,0
DA:83,4
DA:84,4
DA:87,4
DA:90,4
DA:91,4
DA:92,20
DA:98,4
DA:99,0
DA:100,0
DA:101,0
DA:103,0
DA:104,0
DA:105,0
DA:107,0
DA:110,4
DA:112,4
DA:113,0
DA:114,0
DA:115,0
DA:117,0
DA:118,0
DA:119,0
DA:123,4
DA:125,4
DA:210,0
LF:64
LH:37
BRDA:23,0,0,4
BRDA:23,0,1,0
BRDA:25,1,0,0
BRDA:25,1,1,4
BRDA:26,2,0,4
BRDA:26,2,1,0
BRDA:31,3,0,8
BRDA:31,3,1,0
BRDA:36,4,0,0
BRDA:36,4,1,0
BRDA:37,5,0,0
BRDA:37,5,1,0
BRDA:37,5,2,0
BRDA:41,6,0,0
BRDA:41,6,1,0
BRDA:42,7,0,0
BRDA:42,7,1,0
BRDA:42,8,0,0
BRDA:42,8,1,0
BRDA:45,9,0,0
BRDA:45,9,1,0
BRDA:45,10,0,0
BRDA:45,10,1,0
BRDA:66,11,0,0
BRDA:66,11,1,4
BRDA:72,12,0,0
BRDA:72,12,1,0
BRDA:73,13,0,0
BRDA:73,13,1,0
BRDA:74,14,0,0
BRDA:74,14,1,0
BRDA:76,15,0,0
BRDA:76,15,1,0
BRDA:92,16,0,20
BRDA:92,16,1,20
BRDA:92,16,2,4
BRDA:99,17,0,0
BRDA:99,17,1,0
BRDA:101,18,0,0
BRDA:101,18,1,0
BRDA:113,19,0,0
BRDA:113,19,1,0
BRDA:117,20,0,0
BRDA:117,20,1,0
BRDA:131,21,0,0
BRDA:131,21,1,4
BRDA:132,22,0,0
BRDA:132,22,1,4
BRDA:132,23,0,4
BRDA:132,23,1,0
BRDA:147,24,0,0
BRDA:147,24,1,4
BRDA:147,25,0,0
BRDA:147,25,1,4
BRDA:154,26,0,4
BRDA:154,26,1,0
BRDA:155,27,0,4
BRDA:155,27,1,0
BRDA:165,28,0,4
BRDA:165,28,1,0
BRDA:198,29,0,0
BRDA:198,29,1,4
BRDA:200,30,0,0
BRDA:200,30,1,4
BRDA:201,31,0,0
BRDA:201,31,1,4
BRDA:208,32,0,0
BRDA:208,32,1,4
BRDA:208,33,0,0
BRDA:208,33,1,0
BRDA:210,34,0,0
BRDA:210,34,1,0
BRDA:217,35,0,0
BRDA:217,35,1,4
BRDA:242,36,0,0
BRDA:242,36,1,4
BRDA:243,37,0,0
BRDA:243,37,1,4
BRF:78
BRH:23
end_of_record
TN:
SF:src\components\blocks\parts\BlockHeader.tsx
FN:17,(anonymous_0)
FN:30,(anonymous_1)
FN:34,(anonymous_2)
FN:50,(anonymous_3)
FN:76,(anonymous_4)
FN:97,(anonymous_5)
FNF:6
FNH:6
FNDA:9,(anonymous_0)
FNDA:9,(anonymous_1)
FNDA:1,(anonymous_2)
FNDA:9,(anonymous_3)
FNDA:2,(anonymous_4)
FNDA:2,(anonymous_5)
DA:17,2
DA:28,9
DA:30,9
DA:31,9
DA:32,9
DA:34,9
DA:35,1
DA:36,1
DA:38,1
DA:39,1
DA:40,1
DA:42,1
DA:46,1
DA:49,9
DA:50,9
DA:53,9
DA:77,2
DA:98,2
DA:99,2
LF:19
LH:19
BRDA:32,0,0,0
BRDA:32,0,1,9
BRDA:38,1,0,1
BRDA:38,1,1,0
BRDA:39,2,0,1
BRDA:39,2,1,0
BRDA:40,3,0,1
BRDA:40,3,1,0
BRDA:42,4,0,1
BRDA:42,4,1,0
BRDA:56,5,0,1
BRDA:56,5,1,8
BRDA:57,6,0,0
BRDA:57,6,1,9
BRDA:57,7,0,9
BRDA:57,7,1,0
BRDA:63,8,0,1
BRDA:63,8,1,8
BRDA:77,9,0,2
BRDA:77,9,1,0
BRDA:84,10,0,1
BRDA:84,10,1,8
BRDA:84,11,0,4
BRDA:84,11,1,4
BRDA:87,12,0,4
BRDA:87,12,1,5
BRDA:90,13,0,9
BRDA:90,13,1,0
BRDA:90,13,2,0
BRDA:91,14,0,4
BRDA:91,14,1,5
BRF:31
BRH:21
end_of_record
TN:
SF:src\components\blocks\parts\BlockMachineControls.tsx
FN:20,(anonymous_0)
FN:36,(anonymous_1)
FN:62,(anonymous_2)
FN:83,(anonymous_3)
FNF:4
FNH:4
FNDA:10,(anonymous_0)
FNDA:1,(anonymous_1)
FNDA:1,(anonymous_2)
FNDA:2,(anonymous_3)
DA:20,2
DA:29,10
DA:37,1
DA:38,1
DA:39,1
DA:41,1
DA:63,1
DA:64,1
DA:65,1
DA:84,2
DA:85,2
LF:11
LH:11
BRDA:38,0,0,1
BRDA:38,0,1,1
BRDA:41,1,0,0
BRDA:41,1,1,1
BRDA:42,2,0,1
BRDA:42,2,1,1
BRDA:47,3,0,1
BRDA:47,3,1,9
BRDA:49,4,0,10
BRDA:49,4,1,9
BRDA:55,5,0,1
BRDA:55,5,1,9
BRDA:55,6,0,10
BRDA:55,6,1,9
BRDA:55,7,0,10
BRDA:55,7,1,1
BRDA:56,8,0,10
BRDA:56,8,1,9
BRDA:57,9,0,10
BRDA:57,9,1,1
BRDA:60,10,0,10
BRDA:60,10,1,9
BRDA:64,11,0,1
BRDA:64,11,1,0
BRDA:69,12,0,0
BRDA:69,12,1,1
BRDA:73,13,0,0
BRDA:73,13,1,1
BRDA:75,14,0,0
BRDA:75,14,1,1
BRDA:85,15,0,1
BRDA:85,15,1,1
BRDA:89,16,0,1
BRDA:89,16,1,9
BRDA:93,17,0,10
BRDA:93,17,1,1
BRF:36
BRH:31
end_of_record
TN:
SF:src\components\blocks\parts\BlockPortList.tsx
FN:21,(anonymous_0)
FN:40,(anonymous_1)
FN:80,(anonymous_2)
FN:88,(anonymous_3)
FN:92,(anonymous_4)
FNF:5
FNH:4
FNDA:14,(anonymous_0)
FNDA:20,(anonymous_1)
FNDA:1,(anonymous_2)
FNDA:1,(anonymous_3)
FNDA:0,(anonymous_4)
DA:21,2
DA:32,14
DA:41,20
DA:42,20
DA:43,20
DA:44,20
DA:46,20
DA:47,20
DA:49,20
DA:51,20
DA:81,1
DA:82,1
DA:89,1
DA:90,1
DA:92,0
LF:15
LH:14
BRDA:36,0,0,5
BRDA:36,0,1,9
BRDA:38,1,0,9
BRDA:38,1,1,5
BRDA:41,2,0,20
BRDA:41,2,1,10
BRDA:42,3,0,20
BRDA:42,3,1,20
BRDA:44,4,0,20
BRDA:44,4,1,20
BRDA:46,5,0,0
BRDA:46,5,1,20
BRDA:46,6,0,5
BRDA:46,6,1,15
BRDA:47,7,0,0
BRDA:47,7,1,20
BRDA:47,8,0,5
BRDA:47,8,1,15
BRDA:58,9,0,14
BRDA:58,9,1,6
BRDA:59,10,0,14
BRDA:59,10,1,6
BRDA:71,11,0,14
BRDA:71,11,1,6
BRDA:71,12,0,5
BRDA:71,12,1,15
BRDA:77,13,0,14
BRDA:77,13,1,6
BRDA:78,14,0,15
BRDA:78,14,1,5
BRDA:85,15,0,6
BRDA:85,15,1,14
BRDA:86,16,0,20
BRDA:86,16,1,6
BRDA:86,16,2,2
BRDA:86,16,3,2
BRDA:95,17,0,0
BRDA:95,17,1,2
BRDA:99,18,0,0
BRDA:99,18,1,2
BRDA:104,19,0,0
BRDA:104,19,1,20
BRDA:104,20,0,5
BRDA:104,20,1,15
BRDA:108,21,0,0
BRDA:108,21,1,20
BRDA:108,22,0,5
BRDA:108,22,1,15
BRF:48
BRH:42
end_of_record
TN:
SF:src\components\canvas\Canvas.tsx
FN:20,(anonymous_0)
FN:24,(anonymous_1)
FN:25,(anonymous_2)
FN:26,(anonymous_3)
FN:27,(anonymous_4)
FN:28,(anonymous_5)
FN:29,(anonymous_6)
FN:33,(anonymous_7)
FN:38,(anonymous_8)
FN:42,(anonymous_9)
FN:48,(anonymous_10)
FN:122,(anonymous_11)
FNF:12
FNH:0
FNDA:0,(anonymous_0)
FNDA:0,(anonymous_1)
FNDA:0,(anonymous_2)
FNDA:0,(anonymous_3)
FNDA:0,(anonymous_4)
FNDA:0,(anonymous_5)
FNDA:0,(anonymous_6)
FNDA:0,(anonymous_7)
FNDA:0,(anonymous_8)
FNDA:0,(anonymous_9)
FNDA:0,(anonymous_10)
FNDA:0,(anonymous_11)
DA:20,0
DA:21,0
DA:22,0
DA:24,0
DA:25,0
DA:26,0
DA:27,0
DA:28,0
DA:29,0
DA:33,0
DA:38,0
DA:42,0
DA:43,0
DA:44,0
DA:47,0
DA:49,0
DA:51,0
DA:53,0
DA:55,0
DA:56,0
DA:57,0
DA:62,0
DA:63,0
DA:64,0
DA:65,0
DA:66,0
DA:67,0
DA:75,0
DA:122,0
DA:123,0
LF:30
LH:0
BRDA:20,0,0,0
BRDA:53,1,0,0
BRDA:53,1,1,0
BRDA:55,2,0,0
BRDA:55,2,1,0
BRDA:62,3,0,0
BRDA:62,3,1,0
BRDA:64,4,0,0
BRDA:64,4,1,0
BRDA:66,5,0,0
BRDA:66,5,1,0
BRF:11
BRH:0
end_of_record
TN:
SF:src\components\connections\ChannelRenderer.tsx
FN:21,getOffsetPath
FN:99,(anonymous_1)
FN:177,(anonymous_2)
FN:180,(anonymous_3)
FN:192,(anonymous_4)
FN:208,(anonymous_5)
FN:278,(anonymous_6)
FNF:7
FNH:0
FNDA:0,getOffsetPath
FNDA:0,(anonymous_1)
FNDA:0,(anonymous_2)
FNDA:0,(anonymous_3)
FNDA:0,(anonymous_4)
FNDA:0,(anonymous_5)
FNDA:0,(anonymous_6)
DA:13,0
DA:14,0
DA:15,0
DA:22,0
DA:24,0
DA:26,0
DA:27,0
DA:28,0
DA:32,0
DA:33,0
DA:36,0
DA:37,0
DA:38,0
DA:39,0
DA:42,0
DA:43,0
DA:47,0
DA:49,0
DA:53,0
DA:54,0
DA:75,0
DA:87,0
DA:99,0
DA:100,0
DA:101,0
DA:102,0
DA:103,0
DA:104,0
DA:108,0
DA:109,0
DA:115,0
DA:116,0
DA:117,0
DA:118,0
DA:120,0
DA:121,0
DA:134,0
DA:135,0
DA:162,0
DA:169,0
DA:170,0
DA:171,0
DA:177,0
DA:180,0
DA:189,0
DA:192,0
DA:193,0
DA:195,0
DA:196,0
DA:197,0
DA:199,0
DA:200,0
DA:201,0
DA:203,0
DA:208,0
DA:209,0
DA:210,0
DA:211,0
DA:212,0
DA:214,0
DA:218,0
DA:220,0
DA:279,0
LF:63
LH:0
BRDA:22,0,0,0
BRDA:22,0,1,0
BRDA:37,1,0,0
BRDA:37,1,1,0
BRDA:53,2,0,0
BRDA:53,2,1,0
BRDA:103,3,0,0
BRDA:103,3,1,0
BRDA:177,4,0,0
BRDA:177,4,1,0
BRDA:183,5,0,0
BRDA:184,6,0,0
BRDA:185,7,0,0
BRDA:193,8,0,0
BRDA:193,8,1,0
BRDA:193,9,0,0
BRDA:193,9,1,0
BRDA:209,10,0,0
BRDA:209,10,1,0
BRDA:209,11,0,0
BRDA:209,11,1,0
BRDA:249,12,0,0
BRDA:249,12,1,0
BRDA:254,13,0,0
BRDA:254,13,1,0
BRF:25
BRH:0
end_of_record
TN:
SF:src\components\connections\ConnectionEdge.tsx
FN:13,(anonymous_0)
FN:22,(anonymous_1)
FN:23,(anonymous_2)
FN:30,(anonymous_3)
FN:111,(anonymous_4)
FNF:5
FNH:0
FNDA:0,(anonymous_0)
FNDA:0,(anonymous_1)
FNDA:0,(anonymous_2)
FNDA:0,(anonymous_3)
FNDA:0,(anonymous_4)
DA:13,0
DA:22,0
DA:23,0
DA:24,0
DA:25,0
DA:26,0
DA:27,0
DA:30,0
DA:31,0
DA:32,0
DA:34,0
DA:35,0
DA:36,0
DA:37,0
DA:41,0
DA:42,0
DA:45,0
DA:46,0
DA:53,0
DA:54,0
DA:56,0
DA:112,0
DA:113,0
LF:23
LH:0
BRDA:24,0,0,0
BRDA:24,0,1,0
BRDA:24,1,0,0
BRDA:24,1,1,0
BRDA:24,2,0,0
BRDA:24,2,1,0
BRDA:25,3,0,0
BRDA:25,3,1,0
BRDA:26,4,0,0
BRDA:26,4,1,0
BRDA:27,5,0,0
BRDA:27,5,1,0
BRDA:31,6,0,0
BRDA:31,6,1,0
BRDA:31,6,2,0
BRDA:31,6,3,0
BRDA:31,6,4,0
BRDA:31,6,5,0
BRDA:77,7,0,0
BRDA:77,7,1,0
BRDA:99,8,0,0
BRDA:99,8,1,0
BRDA:121,9,0,0
BRDA:121,9,1,0
BRDA:126,10,0,0
BRDA:126,10,1,0
BRDA:134,11,0,0
BRDA:134,11,1,0
BRDA:135,12,0,0
BRDA:135,12,1,0
BRF:30
BRH:0
end_of_record
TN:
SF:src\components\layout\AppShell.tsx
FN:12,(anonymous_0)
FNF:1
FNH:0
FNDA:0,(anonymous_0)
DA:12,0
DA:13,0
LF:2
LH:0
BRF:0
BRH:0
end_of_record
TN:
SF:src\components\layout\NeedsPanel.tsx
FN:10,(anonymous_0)
FN:12,(anonymous_1)
FN:13,(anonymous_2)
FN:15,(anonymous_3)
FN:18,(anonymous_4)
FN:19,(anonymous_5)
FN:21,(anonymous_6)
FN:22,(anonymous_7)
FN:35,(anonymous_8)
FN:37,(anonymous_9)
FN:40,(anonymous_10)
FN:43,(anonymous_11)
FN:63,(anonymous_12)
FNF:13
FNH:0
FNDA:0,(anonymous_0)
FNDA:0,(anonymous_1)
FNDA:0,(anonymous_2)
FNDA:0,(anonymous_3)
FNDA:0,(anonymous_4)
FNDA:0,(anonymous_5)
FNDA:0,(anonymous_6)
FNDA:0,(anonymous_7)
FNDA:0,(anonymous_8)
FNDA:0,(anonymous_9)
FNDA:0,(anonymous_10)
FNDA:0,(anonymous_11)
FNDA:0,(anonymous_12)
DA:10,0
DA:11,0
DA:12,0
DA:13,0
DA:15,0
DA:16,0
DA:18,0
DA:19,0
DA:20,0
DA:21,0
DA:23,0
DA:24,0
DA:27,0
DA:28,0
DA:29,0
DA:34,0
DA:35,0
DA:37,0
DA:40,0
DA:43,0
DA:45,0
DA:64,0
LF:22
LH:0
BRDA:10,0,0,0
BRDA:21,1,0,0
BRDA:21,1,1,0
BRDA:23,2,0,0
BRDA:23,2,1,0
BRDA:28,3,0,0
BRDA:28,3,1,0
BRDA:29,4,0,0
BRDA:29,4,1,0
BRDA:37,5,0,0
BRDA:37,5,1,0
BRDA:57,6,0,0
BRDA:57,6,1,0
BRF:13
BRH:0
end_of_record
TN:
SF:src\components\layout\Sidebar.tsx
FN:10,(anonymous_0)
FN:12,(anonymous_1)
FN:13,(anonymous_2)
FN:17,(anonymous_3)
FN:21,(anonymous_4)
FN:36,(anonymous_5)
FN:40,(anonymous_6)
FN:43,(anonymous_7)
FN:50,(anonymous_8)
FN:59,(anonymous_9)
FN:73,(anonymous_10)
FN:92,(anonymous_11)
FN:120,(anonymous_12)
FN:126,(anonymous_13)
FN:130,(anonymous_14)
FNF:15
FNH:0
FNDA:0,(anonymous_0)
FNDA:0,(anonymous_1)
FNDA:0,(anonymous_2)
FNDA:0,(anonymous_3)
FNDA:0,(anonymous_4)
FNDA:0,(anonymous_5)
FNDA:0,(anonymous_6)
FNDA:0,(anonymous_7)
FNDA:0,(anonymous_8)
FNDA:0,(anonymous_9)
FNDA:0,(anonymous_10)
FNDA:0,(anonymous_11)
FNDA:0,(anonymous_12)
FNDA:0,(anonymous_13)
FNDA:0,(anonymous_14)
DA:10,0
DA:11,0
DA:12,0
DA:13,0
DA:14,0
DA:17,0
DA:18,0
DA:19,0
DA:21,0
DA:22,0
DA:25,0
DA:26,0
DA:27,0
DA:29,0
DA:32,0
DA:36,0
DA:37,0
DA:38,0
DA:40,0
DA:41,0
DA:42,0
DA:43,0
DA:44,0
DA:45,0
DA:50,0
DA:52,0
DA:59,0
DA:60,0
DA:61,0
DA:62,0
DA:65,0
DA:73,0
DA:93,0
DA:94,0
DA:121,0
DA:127,0
DA:131,0
DA:132,0
DA:133,0
LF:39
LH:0
BRDA:10,0,0,0
BRDA:22,1,0,0
BRDA:22,1,1,0
BRDA:25,2,0,0
BRDA:25,2,1,0
BRDA:26,3,0,0
BRDA:26,3,1,0
BRDA:42,4,0,0
BRDA:42,4,1,0
BRDA:44,5,0,0
BRDA:44,5,1,0
BRDA:45,6,0,0
BRDA:45,6,1,0
BRDA:50,7,0,0
BRDA:50,7,1,0
BRDA:55,8,0,0
BRDA:55,8,1,0
BRDA:60,9,0,0
BRDA:60,9,1,0
BRDA:61,10,0,0
BRDA:61,10,1,0
BRDA:84,11,0,0
BRDA:84,11,1,0
BRDA:84,11,2,0
BRDA:114,12,0,0
BRDA:114,12,1,0
BRDA:114,12,2,0
BRDA:163,13,0,0
BRDA:163,13,1,0
BRDA:177,14,0,0
BRDA:177,14,1,0
BRDA:179,15,0,0
BRDA:179,15,1,0
BRDA:181,16,0,0
BRDA:181,16,1,0
BRDA:181,17,0,0
BRDA:181,17,1,0
BRDA:182,18,0,0
BRDA:182,18,1,0
BRDA:184,19,0,0
BRDA:184,19,1,0
BRF:41
BRH:0
end_of_record
TN:
SF:src\components\layout\Toolbar.tsx
FN:19,(anonymous_0)
FN:22,(anonymous_1)
FN:26,(anonymous_2)
FN:30,(anonymous_3)
FN:40,(anonymous_4)
FN:67,(anonymous_5)
FN:70,(anonymous_6)
FNF:7
FNH:1
FNDA:3,(anonymous_0)
FNDA:0,(anonymous_1)
FNDA:0,(anonymous_2)
FNDA:0,(anonymous_3)
FNDA:0,(anonymous_4)
FNDA:0,(anonymous_5)
FNDA:0,(anonymous_6)
DA:19,1
DA:20,3
DA:22,3
DA:23,0
DA:24,0
DA:25,0
DA:26,0
DA:27,0
DA:28,0
DA:29,0
DA:30,0
DA:31,0
DA:32,0
DA:34,0
DA:37,0
DA:40,3
DA:41,0
DA:42,0
DA:46,3
DA:67,0
DA:70,0
LF:21
LH:5
BRDA:19,0,0,3
BRDA:28,1,0,0
BRDA:28,1,1,0
BRDA:41,2,0,0
BRDA:41,2,1,0
BRF:5
BRH:1
end_of_record
TN:
SF:src\components\modals\ConnectPicker\ConnectPicker.tsx
FN:10,(anonymous_0)
FN:11,(anonymous_1)
FN:12,(anonymous_2)
FN:13,(anonymous_3)
FN:14,(anonymous_4)
FN:19,(anonymous_5)
FN:23,(anonymous_6)
FN:24,(anonymous_7)
FN:29,(anonymous_8)
FN:32,(anonymous_9)
FN:35,(anonymous_10)
FN:42,(anonymous_11)
FN:45,(anonymous_12)
FN:65,(anonymous_13)
FN:66,(anonymous_14)
FN:68,(anonymous_15)
FN:70,(anonymous_16)
FN:75,(anonymous_17)
FN:94,(anonymous_18)
FN:124,(anonymous_19)
FN:127,(anonymous_20)
FN:144,(anonymous_21)
FN:147,(anonymous_22)
FNF:23
FNH:0
FNDA:0,(anonymous_0)
FNDA:0,(anonymous_1)
FNDA:0,(anonymous_2)
FNDA:0,(anonymous_3)
FNDA:0,(anonymous_4)
FNDA:0,(anonymous_5)
FNDA:0,(anonymous_6)
FNDA:0,(anonymous_7)
FNDA:0,(anonymous_8)
FNDA:0,(anonymous_9)
FNDA:0,(anonymous_10)
FNDA:0,(anonymous_11)
FNDA:0,(anonymous_12)
FNDA:0,(anonymous_13)
FNDA:0,(anonymous_14)
FNDA:0,(anonymous_15)
FNDA:0,(anonymous_16)
FNDA:0,(anonymous_17)
FNDA:0,(anonymous_18)
FNDA:0,(anonymous_19)
FNDA:0,(anonymous_20)
FNDA:0,(anonymous_21)
FNDA:0,(anonymous_22)
DA:10,0
DA:11,0
DA:12,0
DA:13,0
DA:14,0
DA:15,0
DA:17,0
DA:19,0
DA:20,0
DA:22,0
DA:23,0
DA:24,0
DA:26,0
DA:28,0
DA:29,0
DA:32,0
DA:33,0
DA:35,0
DA:36,0
DA:38,0
DA:42,0
DA:43,0
DA:45,0
DA:46,0
DA:50,0
DA:51,0
DA:61,0
DA:65,0
DA:66,0
DA:67,0
DA:68,0
DA:70,0
DA:75,0
DA:76,0
DA:77,0
DA:84,0
DA:91,0
DA:94,0
DA:95,0
DA:96,0
DA:97,0
DA:98,0
DA:102,0
DA:125,0
DA:127,0
DA:145,0
DA:147,0
LF:47
LH:0
BRDA:17,0,0,0
BRDA:17,0,1,0
BRDA:20,1,0,0
BRDA:20,1,1,0
BRDA:22,2,0,0
BRDA:22,2,1,0
BRDA:26,3,0,0
BRDA:26,3,1,0
BRDA:29,4,0,0
BRDA:29,4,1,0
BRDA:36,5,0,0
BRDA:36,5,1,0
BRDA:38,6,0,0
BRDA:38,6,1,0
BRDA:43,7,0,0
BRDA:43,7,1,0
BRDA:46,8,0,0
BRDA:46,8,1,0
BRDA:46,8,2,0
BRDA:46,8,3,0
BRDA:50,9,0,0
BRDA:50,9,1,0
BRDA:67,10,0,0
BRDA:67,10,1,0
BRDA:76,11,0,0
BRDA:76,11,1,0
BRDA:95,12,0,0
BRDA:95,12,1,0
BRDA:110,13,0,0
BRDA:110,13,1,0
BRDA:122,14,0,0
BRDA:122,14,1,0
BRF:32
BRH:0
end_of_record
TN:
SF:src\components\modals\GameDataEditor\GameDataEditor.tsx
FN:10,(anonymous_0)
FN:25,(anonymous_1)
FN:30,(anonymous_2)
FN:40,(anonymous_3)
FN:50,(anonymous_4)
FN:58,(anonymous_5)
FN:66,(anonymous_6)
FN:74,(anonymous_7)
FN:84,(anonymous_8)
FN:92,(anonymous_9)
FN:102,(anonymous_10)
FN:107,(anonymous_11)
FN:112,(anonymous_12)
FN:112,(anonymous_13)
FN:118,(anonymous_14)
FN:131,(anonymous_15)
FN:136,(anonymous_16)
FN:138,(anonymous_17)
FN:148,(anonymous_18)
FN:155,(anonymous_19)
FN:166,(anonymous_20)
FN:173,(anonymous_21)
FN:183,(anonymous_22)
FN:190,(anonymous_23)
FN:200,(anonymous_24)
FN:216,(anonymous_25)
FN:219,(anonymous_26)
FN:254,(anonymous_27)
FN:257,(anonymous_28)
FN:268,(anonymous_29)
FN:271,(anonymous_30)
FN:281,(anonymous_31)
FN:284,(anonymous_32)
FN:294,(anonymous_33)
FN:297,(anonymous_34)
FN:323,(anonymous_35)
FN:333,(anonymous_36)
FN:347,(anonymous_37)
FN:366,(anonymous_38)
FN:378,(anonymous_39)
FN:388,(anonymous_40)
FN:391,(anonymous_41)
FN:404,(anonymous_42)
FN:426,(anonymous_43)
FN:444,(anonymous_44)
FN:456,(anonymous_45)
FN:473,(anonymous_46)
FN:492,(anonymous_47)
FN:504,(anonymous_48)
FN:517,(anonymous_49)
FN:528,(anonymous_50)
FN:534,(anonymous_51)
FN:538,(anonymous_52)
FN:546,(anonymous_53)
FN:554,(anonymous_54)
FN:563,(anonymous_55)
FN:564,(anonymous_56)
FN:581,(anonymous_57)
FN:587,(anonymous_58)
FN:591,(anonymous_59)
FN:599,(anonymous_60)
FN:607,(anonymous_61)
FN:616,(anonymous_62)
FN:617,(anonymous_63)
FN:645,(anonymous_64)
FN:662,(anonymous_65)
FN:675,(anonymous_66)
FN:698,(anonymous_67)
FN:721,(anonymous_68)
FN:733,(anonymous_69)
FN:743,(anonymous_70)
FN:746,(anonymous_71)
FN:760,(anonymous_72)
FN:774,(anonymous_73)
FN:782,(anonymous_74)
FN:810,(anonymous_75)
FN:827,(anonymous_76)
FN:836,(anonymous_77)
FN:850,(anonymous_78)
FN:869,(anonymous_79)
FN:881,(anonymous_80)
FN:893,(anonymous_81)
FN:906,(anonymous_82)
FN:919,(anonymous_83)
FN:925,(anonymous_84)
FN:948,(anonymous_85)
FNF:86
FNH:48
FNDA:44,(anonymous_0)
FNDA:20,(anonymous_1)
FNDA:2,(anonymous_2)
FNDA:1,(anonymous_3)
FNDA:1,(anonymous_4)
FNDA:0,(anonymous_5)
FNDA:0,(anonymous_6)
FNDA:1,(anonymous_7)
FNDA:0,(anonymous_8)
FNDA:1,(anonymous_9)
FNDA:2,(anonymous_10)
FNDA:0,(anonymous_11)
FNDA:0,(anonymous_12)
FNDA:0,(anonymous_13)
FNDA:2,(anonymous_14)
FNDA:5,(anonymous_15)
FNDA:44,(anonymous_16)
FNDA:6,(anonymous_17)
FNDA:0,(anonymous_18)
FNDA:1,(anonymous_19)
FNDA:0,(anonymous_20)
FNDA:1,(anonymous_21)
FNDA:0,(anonymous_22)
FNDA:0,(anonymous_23)
FNDA:0,(anonymous_24)
FNDA:176,(anonymous_25)
FNDA:5,(anonymous_26)
FNDA:336,(anonymous_27)
FNDA:3,(anonymous_28)
FNDA:66,(anonymous_29)
FNDA:1,(anonymous_30)
FNDA:30,(anonymous_31)
FNDA:1,(anonymous_32)
FNDA:13,(anonymous_33)
FNDA:0,(anonymous_34)
FNDA:8,(anonymous_35)
FNDA:4,(anonymous_36)
FNDA:2,(anonymous_37)
FNDA:1,(anonymous_38)
FNDA:1,(anonymous_39)
FNDA:0,(anonymous_40)
FNDA:56,(anonymous_41)
FNDA:0,(anonymous_42)
FNDA:1,(anonymous_43)
FNDA:3,(anonymous_44)
FNDA:1,(anonymous_45)
FNDA:1,(anonymous_46)
FNDA:0,(anonymous_47)
FNDA:0,(anonymous_48)
FNDA:1,(anonymous_49)
FNDA:0,(anonymous_50)
FNDA:3,(anonymous_51)
FNDA:0,(anonymous_52)
FNDA:36,(anonymous_53)
FNDA:0,(anonymous_54)
FNDA:0,(anonymous_55)
FNDA:0,(anonymous_56)
FNDA:0,(anonymous_57)
FNDA:3,(anonymous_58)
FNDA:0,(anonymous_59)
FNDA:36,(anonymous_60)
FNDA:0,(anonymous_61)
FNDA:0,(anonymous_62)
FNDA:0,(anonymous_63)
FNDA:0,(anonymous_64)
FNDA:3,(anonymous_65)
FNDA:1,(anonymous_66)
FNDA:1,(anonymous_67)
FNDA:0,(anonymous_68)
FNDA:0,(anonymous_69)
FNDA:0,(anonymous_70)
FNDA:21,(anonymous_71)
FNDA:1,(anonymous_72)
FNDA:0,(anonymous_73)
FNDA:0,(anonymous_74)
FNDA:0,(anonymous_75)
FNDA:4,(anonymous_76)
FNDA:1,(anonymous_77)
FNDA:1,(anonymous_78)
FNDA:0,(anonymous_79)
FNDA:1,(anonymous_80)
FNDA:0,(anonymous_81)
FNDA:1,(anonymous_82)
FNDA:0,(anonymous_83)
FNDA:0,(anonymous_84)
FNDA:0,(anonymous_85)
DA:10,1
DA:11,44
DA:12,44
DA:13,44
DA:22,44
DA:25,44
DA:26,20
DA:27,20
DA:30,44
DA:31,2
DA:32,1
DA:34,1
DA:36,2
DA:37,2
DA:40,44
DA:41,1
DA:42,0
DA:44,1
DA:46,1
DA:47,1
DA:50,44
DA:51,1
DA:52,1
DA:53,1
DA:54,1
DA:58,44
DA:59,0
DA:60,0
DA:61,0
DA:62,0
DA:66,44
DA:67,0
DA:68,0
DA:69,0
DA:70,0
DA:74,44
DA:75,1
DA:76,0
DA:78,1
DA:80,1
DA:81,1
DA:84,44
DA:85,0
DA:86,0
DA:87,0
DA:88,0
DA:92,44
DA:93,1
DA:94,1
DA:96,0
DA:98,1
DA:99,1
DA:102,44
DA:103,2
DA:104,2
DA:107,44
DA:108,0
DA:109,0
DA:111,0
DA:112,0
DA:114,0
DA:118,44
DA:119,2
DA:120,2
DA:121,2
DA:122,2
DA:123,1
DA:124,1
DA:126,1
DA:131,44
DA:132,5
DA:133,5
DA:136,44
DA:137,44
DA:138,28
DA:139,28
DA:141,28
DA:142,8
DA:148,0
DA:154,36
DA:155,6
DA:156,6
DA:158,6
DA:159,1
DA:166,0
DA:172,35
DA:173,6
DA:174,6
DA:176,6
DA:177,1
DA:183,0
DA:189,34
DA:190,4
DA:191,4
DA:193,4
DA:194,1
DA:200,0
DA:206,33
DA:209,44
DA:217,176
DA:219,5
DA:255,336
DA:257,3
DA:269,66
DA:271,1
DA:282,30
DA:284,1
DA:295,13
DA:297,0
DA:323,1
DA:324,8
DA:333,8
DA:334,4
DA:335,3
DA:336,1
DA:337,1
DA:347,8
DA:348,2
DA:349,2
DA:350,2
DA:354,8
DA:366,1
DA:378,1
DA:388,0
DA:392,56
DA:404,0
DA:426,1
DA:444,1
DA:445,3
DA:456,3
DA:457,1
DA:458,1
DA:459,0
DA:460,0
DA:473,3
DA:474,1
DA:475,1
DA:476,1
DA:480,3
DA:492,0
DA:504,0
DA:517,1
DA:528,0
DA:535,3
DA:539,0
DA:540,0
DA:541,0
DA:547,36
DA:555,0
DA:556,0
DA:557,0
DA:564,0
DA:565,0
DA:581,0
DA:588,3
DA:592,0
DA:593,0
DA:594,0
DA:600,36
DA:608,0
DA:609,0
DA:610,0
DA:617,0
DA:618,0
DA:645,0
DA:662,1
DA:663,3
DA:673,3
DA:675,3
DA:676,1
DA:677,1
DA:679,1
DA:680,1
DA:681,1
DA:682,1
DA:683,0
DA:684,0
DA:685,0
DA:694,0
DA:698,3
DA:699,1
DA:700,1
DA:701,1
DA:705,3
DA:706,3
DA:707,3
DA:709,3
DA:721,0
DA:733,0
DA:743,0
DA:747,21
DA:760,1
DA:775,0
DA:776,0
DA:782,0
DA:810,0
DA:827,1
DA:828,4
DA:836,4
DA:837,1
DA:838,0
DA:839,1
DA:840,1
DA:850,4
DA:851,1
DA:852,1
DA:853,1
DA:857,4
DA:869,0
DA:881,1
DA:893,0
DA:906,1
DA:919,0
DA:925,0
DA:948,0
LF:215
LH:148
BRDA:31,0,0,1
BRDA:31,0,1,1
BRDA:41,1,0,0
BRDA:41,1,1,1
BRDA:51,2,0,1
BRDA:51,2,1,0
BRDA:59,3,0,0
BRDA:59,3,1,0
BRDA:67,4,0,0
BRDA:67,4,1,0
BRDA:75,5,0,0
BRDA:75,5,1,1
BRDA:85,6,0,0
BRDA:85,6,1,0
BRDA:93,7,0,1
BRDA:93,7,1,0
BRDA:111,8,0,0
BRDA:111,8,1,0
BRDA:120,9,0,2
BRDA:120,9,1,0
BRDA:122,10,0,1
BRDA:122,10,1,1
BRDA:122,11,0,2
BRDA:122,11,1,1
BRDA:137,12,0,28
BRDA:137,12,1,16
BRDA:138,13,0,6
BRDA:138,13,1,22
BRDA:139,14,0,0
BRDA:139,14,1,28
BRDA:139,15,0,28
BRDA:139,15,1,6
BRDA:139,15,2,0
BRDA:141,16,0,8
BRDA:141,16,1,20
BRDA:141,17,0,28
BRDA:141,17,1,22
BRDA:154,18,0,6
BRDA:154,18,1,30
BRDA:155,19,0,1
BRDA:155,19,1,5
BRDA:156,20,0,0
BRDA:156,20,1,6
BRDA:156,21,0,6
BRDA:156,21,1,1
BRDA:156,21,2,0
BRDA:158,22,0,1
BRDA:158,22,1,5
BRDA:158,23,0,6
BRDA:158,23,1,5
BRDA:172,24,0,6
BRDA:172,24,1,29
BRDA:173,25,0,1
BRDA:173,25,1,5
BRDA:174,26,0,0
BRDA:174,26,1,6
BRDA:174,27,0,6
BRDA:174,27,1,1
BRDA:174,27,2,0
BRDA:176,28,0,1
BRDA:176,28,1,5
BRDA:176,29,0,6
BRDA:176,29,1,5
BRDA:189,30,0,4
BRDA:189,30,1,30
BRDA:190,31,0,0
BRDA:190,31,1,4
BRDA:191,32,0,0
BRDA:191,32,1,4
BRDA:191,33,0,4
BRDA:191,33,1,0
BRDA:191,33,2,0
BRDA:193,34,0,1
BRDA:193,34,1,3
BRDA:193,35,0,4
BRDA:193,35,1,4
BRDA:220,36,0,44
BRDA:220,36,1,132
BRDA:252,37,0,44
BRDA:252,37,1,28
BRDA:258,38,0,6
BRDA:258,38,1,330
BRDA:266,39,0,44
BRDA:266,39,1,6
BRDA:272,40,0,1
BRDA:272,40,1,65
BRDA:279,41,0,44
BRDA:279,41,1,6
BRDA:285,42,0,1
BRDA:285,42,1,29
BRDA:292,43,0,44
BRDA:292,43,1,4
BRDA:298,44,0,0
BRDA:298,44,1,13
BRDA:324,45,0,8
BRDA:324,45,1,3
BRDA:334,46,0,3
BRDA:334,46,1,1
BRDA:336,47,0,1
BRDA:336,47,1,0
BRDA:349,48,0,2
BRDA:349,48,1,0
BRDA:349,49,0,2
BRDA:349,49,1,2
BRDA:356,50,0,3
BRDA:356,50,1,5
BRDA:423,51,0,8
BRDA:423,51,1,5
BRDA:445,52,0,3
BRDA:445,52,1,0
BRDA:457,53,0,1
BRDA:457,53,1,0
BRDA:459,54,0,0
BRDA:459,54,1,0
BRDA:475,55,0,1
BRDA:475,55,1,0
BRDA:475,56,0,1
BRDA:475,56,1,1
BRDA:482,57,0,0
BRDA:482,57,1,3
BRDA:528,58,0,0
BRDA:528,58,1,0
BRDA:539,59,0,0
BRDA:539,59,1,0
BRDA:555,60,0,0
BRDA:555,60,1,0
BRDA:581,61,0,0
BRDA:581,61,1,0
BRDA:592,62,0,0
BRDA:592,62,1,0
BRDA:608,63,0,0
BRDA:608,63,1,0
BRDA:642,64,0,3
BRDA:642,64,1,3
BRDA:663,65,0,3
BRDA:663,65,1,0
BRDA:676,66,0,1
BRDA:676,66,1,0
BRDA:679,67,0,1
BRDA:679,67,1,0
BRDA:680,68,0,0
BRDA:680,68,1,1
BRDA:680,69,0,0
BRDA:680,69,1,1
BRDA:681,70,0,1
BRDA:681,70,1,0
BRDA:684,71,0,0
BRDA:684,71,1,0
BRDA:700,72,0,1
BRDA:700,72,1,0
BRDA:700,73,0,1
BRDA:700,73,1,1
BRDA:706,74,0,3
BRDA:706,74,1,0
BRDA:711,75,0,0
BRDA:711,75,1,3
BRDA:775,76,0,0
BRDA:775,76,1,0
BRDA:807,77,0,3
BRDA:807,77,1,3
BRDA:828,78,0,4
BRDA:828,78,1,4
BRDA:837,79,0,0
BRDA:837,79,1,1
BRDA:839,80,0,1
BRDA:839,80,1,0
BRDA:852,81,0,1
BRDA:852,81,1,0
BRDA:852,82,0,1
BRDA:852,82,1,1
BRDA:859,83,0,4
BRDA:859,83,1,0
BRDA:945,84,0,4
BRDA:945,84,1,0
BRF:174
BRH:112
end_of_record
TN:
SF:src\components\modals\RecipePicker\RecipePicker.tsx
FN:10,(anonymous_0)
FN:15,(anonymous_1)
FN:16,(anonymous_2)
FN:20,(anonymous_3)
FN:21,(anonymous_4)
FN:44,(anonymous_5)
FN:49,(anonymous_6)
FN:52,(anonymous_7)
FN:67,(anonymous_8)
FN:70,(anonymous_9)
FN:87,(anonymous_10)
FNF:11
FNH:0
FNDA:0,(anonymous_0)
FNDA:0,(anonymous_1)
FNDA:0,(anonymous_2)
FNDA:0,(anonymous_3)
FNDA:0,(anonymous_4)
FNDA:0,(anonymous_5)
FNDA:0,(anonymous_6)
FNDA:0,(anonymous_7)
FNDA:0,(anonymous_8)
FNDA:0,(anonymous_9)
FNDA:0,(anonymous_10)
DA:10,0
DA:11,0
DA:12,0
DA:13,0
DA:15,0
DA:16,0
DA:17,0
DA:20,0
DA:21,0
DA:22,0
DA:23,0
DA:24,0
DA:28,0
DA:44,0
DA:50,0
DA:52,0
DA:68,0
DA:70,0
DA:88,0
LF:19
LH:0
BRDA:23,0,0,0
BRDA:23,0,1,0
BRDA:24,1,0,0
BRDA:24,1,1,0
BRDA:53,2,0,0
BRDA:53,2,1,0
BRDA:101,3,0,0
BRDA:101,3,1,0
BRF:8
BRH:0
end_of_record
TN:
SF:src\components\nodes\SplitterNode.tsx
FN:7,(anonymous_0)
FN:8,(anonymous_1)
FN:14,(anonymous_2)
FN:52,(anonymous_3)
FN:103,(anonymous_4)
FN:120,(anonymous_5)
FNF:6
FNH:4
FNDA:5,(anonymous_0)
FNDA:15,(anonymous_1)
FNDA:0,(anonymous_2)
FNDA:0,(anonymous_3)
FNDA:5,(anonymous_4)
FNDA:10,(anonymous_5)
DA:7,1
DA:8,15
DA:11,5
DA:12,5
DA:14,5
DA:15,0
DA:18,0
DA:20,0
DA:21,0
DA:23,0
DA:24,0
DA:25,0
DA:30,0
DA:31,0
DA:35,0
DA:41,0
DA:46,0
DA:49,0
DA:52,5
DA:53,0
DA:54,0
DA:55,0
DA:56,0
DA:59,5
DA:104,5
DA:121,10
LF:26
LH:9
BRDA:18,0,0,0
BRDA:18,0,1,0
BRDA:18,1,0,0
BRDA:18,1,1,0
BRDA:23,2,0,0
BRDA:23,2,1,0
BRDA:30,3,0,0
BRDA:30,3,1,0
BRDA:64,4,0,2
BRDA:64,4,1,3
BRDA:80,5,0,2
BRDA:80,5,1,3
BRDA:82,6,0,0
BRDA:82,6,1,5
BRDA:82,7,0,5
BRDA:82,7,1,0
BRDA:86,8,0,5
BRDA:86,8,1,2
BRDA:94,9,0,2
BRDA:94,9,1,1
BRF:20
BRH:10
end_of_record
TN:
SF:src\data\dsp.ts
FNF:0
FNH:0
DA:4,13
LF:1
LH:1
BRF:0
BRH:0
end_of_record
TN:
SF:src\lib\io\gameData.ts
FN:78,validateGameData
FN:91,importGameData
FN:104,exportGameData
FNF:3
FNH:3
FNDA:7,validateGameData
FNDA:5,importGameData
FNDA:1,exportGameData
DA:5,2
DA:15,2
DA:21,2
DA:33,2
DA:48,2
DA:57,2
DA:79,7
DA:92,5
DA:93,5
DA:94,5
DA:95,5
DA:97,3
DA:105,1
LF:13
LH:13
BRDA:97,0,0,3
BRDA:97,0,1,0
BRF:2
BRH:1
end_of_record
TN:
SF:src\lib\layout\manifoldSolver.ts
FN:8,calculateBlockDimensions
FNF:1
FNH:1
FNDA:71,calculateBlockDimensions
DA:12,71
DA:13,71
DA:14,71
DA:16,71
DA:18,71
LF:5
LH:5
BRF:0
BRH:0
end_of_record
TN:
SF:src\lib\router\channelRouter.ts
FN:19,getLaneCount
FN:29,getChannelSegments
FN:43,isOrthogonal
FNF:3
FNH:1
FNDA:34,getLaneCount
FNDA:0,getChannelSegments
FNDA:0,isOrthogonal
DA:20,34
DA:21,34
DA:30,0
DA:31,0
DA:32,0
DA:33,0
DA:34,0
DA:35,0
DA:37,0
DA:44,0
DA:45,0
DA:46,0
DA:49,0
LF:13
LH:2
BRDA:19,0,0,34
BRDA:20,1,0,0
BRDA:20,1,1,34
BRDA:45,2,0,0
BRDA:45,2,1,0
BRDA:45,3,0,0
BRDA:45,3,1,0
BRF:7
BRH:2
end_of_record
TN:
SF:src\lib\solver\flowSolver.ts
FN:8,solveFlow
FN:11,(anonymous_1)
FN:15,(anonymous_2)
FN:17,(anonymous_3)
FN:18,(anonymous_4)
FN:24,(anonymous_5)
FN:30,(anonymous_6)
FN:39,(anonymous_7)
FN:40,(anonymous_8)
FN:48,(anonymous_9)
FNF:10
FNH:10
FNDA:2,solveFlow
FNDA:2,(anonymous_1)
FNDA:20,(anonymous_2)
FNDA:10,(anonymous_3)
FNDA:10,(anonymous_4)
FNDA:10,(anonymous_5)
FNDA:10,(anonymous_6)
FNDA:15,(anonymous_7)
FNDA:15,(anonymous_8)
FNDA:10,(anonymous_9)
DA:10,2
DA:11,2
DA:14,2
DA:15,10
DA:17,20
DA:18,10
DA:21,10
DA:22,0
DA:24,10
DA:29,20
DA:30,20
DA:31,10
DA:32,10
DA:33,10
DA:36,20
DA:39,20
DA:40,15
DA:43,15
DA:46,15
DA:47,10
DA:48,10
DA:49,10
DA:53,15
DA:58,10
LF:24
LH:23
BRDA:18,0,0,10
BRDA:18,0,1,10
BRDA:21,1,0,0
BRDA:21,1,1,10
BRDA:24,2,0,10
BRDA:24,2,1,0
BRDA:31,3,0,10
BRDA:31,3,1,0
BRDA:32,4,0,10
BRDA:32,4,1,0
BRDA:40,5,0,15
BRDA:40,5,1,10
BRDA:46,6,0,10
BRDA:46,6,1,5
BRF:14
BRH:10
end_of_record
TN:
SF:src\lib\solver\rateSolver.ts
FN:13,solveBlock
FN:24,(anonymous_1)
FN:44,(anonymous_2)
FN:49,(anonymous_3)
FN:56,(anonymous_4)
FNF:5
FNH:5
FNDA:81,solveBlock
FNDA:72,(anonymous_1)
FNDA:53,(anonymous_2)
FNDA:87,(anonymous_3)
FNDA:82,(anonymous_4)
DA:23,81
DA:24,72
DA:28,81
DA:29,81
DA:30,81
DA:34,81
DA:37,81
DA:39,81
DA:40,1
DA:44,81
DA:49,87
DA:54,81
DA:56,82
LF:13
LH:13
BRDA:17,0,0,81
BRDA:19,1,0,81
BRDA:23,2,0,71
BRDA:23,2,1,10
BRDA:24,3,0,71
BRDA:24,3,1,0
BRDA:37,4,0,2
BRDA:37,4,1,79
BRDA:39,5,0,1
BRDA:39,5,1,80
BRDA:39,6,0,81
BRDA:39,6,1,3
BRDA:56,7,0,81
BRDA:56,7,1,0
BRF:14
BRH:12
end_of_record
TN:
SF:src\lib\validation\conflictDetection.ts
FN:15,findNodeConflicts
FN:36,getNodeRect
FN:51,getChannelSegments
FN:111,findChannelConflicts
FN:138,isIntersecting
FNF:5
FNH:5
FNDA:55,findNodeConflicts
FNDA:107,getNodeRect
FNDA:40,getChannelSegments
FNDA:21,findChannelConflicts
FNDA:81,isIntersecting
DA:16,55
DA:18,55
DA:19,63
DA:20,32
DA:21,32
DA:23,32
DA:24,32
DA:26,32
DA:27,27
DA:28,27
DA:33,55
DA:37,107
DA:38,107
DA:39,107
DA:52,40
DA:53,40
DA:55,40
DA:56,116
DA:57,116
DA:58,116
DA:61,116
DA:62,116
DA:64,116
DA:65,110
DA:66,110
DA:69,110
DA:70,0
DA:71,0
DA:73,110
DA:74,110
DA:77,110
DA:84,6
DA:85,6
DA:88,6
DA:89,6
DA:90,6
DA:92,0
DA:93,0
DA:96,6
DA:104,40
DA:112,21
DA:114,21
DA:115,21
DA:118,21
DA:119,43
DA:120,43
DA:122,43
DA:123,43
DA:124,49
DA:125,39
DA:126,39
DA:130,43
DA:131,39
DA:135,21
DA:139,81
LF:55
LH:51
BRDA:26,0,0,27
BRDA:26,0,1,5
BRDA:26,1,0,32
BRDA:26,1,1,32
BRDA:26,1,2,32
BRDA:38,2,0,0
BRDA:38,2,1,107
BRDA:64,3,0,110
BRDA:64,3,1,6
BRDA:69,4,0,0
BRDA:69,4,1,110
BRDA:70,5,0,0
BRDA:70,5,1,0
BRDA:71,6,0,0
BRDA:71,6,1,0
BRDA:73,7,0,72
BRDA:73,7,1,38
BRDA:74,8,0,72
BRDA:74,8,1,38
BRDA:88,9,0,6
BRDA:88,9,1,0
BRDA:89,10,0,4
BRDA:89,10,1,2
BRDA:90,11,0,4
BRDA:90,11,1,2
BRDA:92,12,0,0
BRDA:92,12,1,0
BRDA:93,13,0,0
BRDA:93,13,1,0
BRDA:112,14,0,0
BRDA:112,14,1,21
BRDA:120,15,0,0
BRDA:120,15,1,43
BRDA:124,16,0,39
BRDA:124,16,1,10
BRDA:130,17,0,39
BRDA:130,17,1,4
BRDA:140,18,0,81
BRDA:140,18,1,69
BRDA:140,18,2,66
BRDA:140,18,3,66
BRF:41
BRH:28
end_of_record
TN:
SF:src\lib\validation\gameValidators.ts
FN:13,checkGameDataConsistency
FN:15,(anonymous_1)
FN:16,(anonymous_2)
FN:19,(anonymous_3)
FN:30,(anonymous_4)
FN:41,(anonymous_5)
FN:53,(anonymous_6)
FN:54,(anonymous_7)
FN:55,(anonymous_8)
FNF:9
FNH:9
FNDA:4,checkGameDataConsistency
FNDA:8,(anonymous_1)
FNDA:4,(anonymous_2)
FNDA:4,(anonymous_3)
FNDA:4,(anonymous_4)
FNDA:4,(anonymous_5)
FNDA:4,(anonymous_6)
FNDA:4,(anonymous_7)
FNDA:4,(anonymous_8)
DA:14,4
DA:15,8
DA:16,4
DA:19,4
DA:21,4
DA:22,1
DA:30,4
DA:31,4
DA:32,1
DA:41,4
DA:42,4
DA:43,0
DA:53,4
DA:54,4
DA:55,4
DA:57,4
DA:58,1
DA:66,4
LF:18
LH:17
BRDA:21,0,0,1
BRDA:21,0,1,3
BRDA:31,1,0,1
BRDA:31,1,1,3
BRDA:42,2,0,0
BRDA:42,2,1,4
BRDA:57,3,0,1
BRDA:57,3,1,3
BRF:8
BRH:7
end_of_record
TN:
SF:src\scripts\validate-phase1.ts
FN:27,(anonymous_0)
FN:45,(anonymous_1)
FN:72,(anonymous_2)
FNF:3
FNH:0
FNDA:0,(anonymous_0)
FNDA:0,(anonymous_1)
FNDA:0,(anonymous_2)
DA:10,0
DA:13,0
DA:14,0
DA:15,0
DA:18,0
DA:19,0
DA:27,0
DA:28,0
DA:30,0
DA:33,0
DA:34,0
DA:45,0
DA:46,0
DA:50,0
DA:51,0
DA:52,0
DA:53,0
DA:55,0
DA:59,0
DA:60,0
DA:61,0
DA:64,0
DA:65,0
DA:67,0
DA:68,0
DA:69,0
DA:72,0
DA:73,0
DA:74,0
DA:76,0
DA:79,0
DA:82,0
LF:32
LH:0
BRDA:52,0,0,0
BRDA:52,0,1,0
BRDA:67,1,0,0
BRDA:67,1,1,0
BRDA:67,2,0,0
BRDA:67,2,1,0
BRDA:73,3,0,0
BRDA:73,3,1,0
BRF:8
BRH:0
end_of_record
TN:
SF:src\stores\gameStore.ts
FN:40,(anonymous_0)
FN:45,(anonymous_1)
FN:45,(anonymous_2)
FN:46,(anonymous_3)
FN:46,(anonymous_4)
FN:47,(anonymous_5)
FN:47,(anonymous_6)
FN:52,(anonymous_7)
FN:52,(anonymous_8)
FN:54,(anonymous_9)
FN:58,(anonymous_10)
FN:58,(anonymous_11)
FN:59,(anonymous_12)
FN:65,(anonymous_13)
FN:65,(anonymous_14)
FN:66,(anonymous_15)
FN:70,(anonymous_16)
FN:70,(anonymous_17)
FN:71,(anonymous_18)
FN:75,(anonymous_19)
FN:75,(anonymous_20)
FN:76,(anonymous_21)
FN:82,(anonymous_22)
FN:82,(anonymous_23)
FN:83,(anonymous_24)
FN:87,(anonymous_25)
FN:87,(anonymous_26)
FN:88,(anonymous_27)
FN:92,(anonymous_28)
FN:92,(anonymous_29)
FN:93,(anonymous_30)
FN:99,(anonymous_31)
FN:99,(anonymous_32)
FN:100,(anonymous_33)
FN:104,(anonymous_34)
FN:104,(anonymous_35)
FN:105,(anonymous_36)
FN:109,(anonymous_37)
FN:109,(anonymous_38)
FN:110,(anonymous_39)
FN:116,(anonymous_40)
FN:116,(anonymous_41)
FN:117,(anonymous_42)
FN:121,(anonymous_43)
FN:122,(anonymous_44)
FNF:45
FNH:42
FNDA:11,(anonymous_0)
FNDA:1,(anonymous_1)
FNDA:1,(anonymous_2)
FNDA:3,(anonymous_3)
FNDA:25,(anonymous_4)
FNDA:1,(anonymous_5)
FNDA:6,(anonymous_6)
FNDA:11,(anonymous_7)
FNDA:11,(anonymous_8)
FNDA:63,(anonymous_9)
FNDA:3,(anonymous_10)
FNDA:3,(anonymous_11)
FNDA:3,(anonymous_12)
FNDA:1,(anonymous_13)
FNDA:1,(anonymous_14)
FNDA:11,(anonymous_15)
FNDA:16,(anonymous_16)
FNDA:16,(anonymous_17)
FNDA:97,(anonymous_18)
FNDA:2,(anonymous_19)
FNDA:2,(anonymous_20)
FNDA:2,(anonymous_21)
FNDA:2,(anonymous_22)
FNDA:2,(anonymous_23)
FNDA:24,(anonymous_24)
FNDA:8,(anonymous_25)
FNDA:8,(anonymous_26)
FNDA:40,(anonymous_27)
FNDA:2,(anonymous_28)
FNDA:2,(anonymous_29)
FNDA:7,(anonymous_30)
FNDA:0,(anonymous_31)
FNDA:0,(anonymous_32)
FNDA:0,(anonymous_33)
FNDA:2,(anonymous_34)
FNDA:2,(anonymous_35)
FNDA:6,(anonymous_36)
FNDA:1,(anonymous_37)
FNDA:1,(anonymous_38)
FNDA:4,(anonymous_39)
FNDA:1,(anonymous_40)
FNDA:1,(anonymous_41)
FNDA:4,(anonymous_42)
FNDA:2,(anonymous_43)
FNDA:34,(anonymous_44)
DA:40,11
DA:45,1
DA:46,25
DA:47,6
DA:52,11
DA:54,63
DA:55,4
DA:58,3
DA:59,3
DA:60,3
DA:61,3
DA:65,1
DA:66,11
DA:70,16
DA:71,97
DA:72,4
DA:75,2
DA:76,2
DA:77,2
DA:78,2
DA:82,2
DA:83,24
DA:87,8
DA:88,40
DA:89,8
DA:92,2
DA:93,7
DA:94,2
DA:95,2
DA:99,0
DA:100,0
DA:104,2
DA:105,6
DA:106,2
DA:109,1
DA:110,4
DA:111,1
DA:112,1
DA:116,1
DA:117,4
DA:121,2
DA:122,34
LF:42
LH:40
BRDA:54,0,0,7
BRDA:54,0,1,4
BRDA:60,1,0,3
BRDA:60,1,1,0
BRDA:71,2,0,12
BRDA:71,2,1,4
BRDA:77,3,0,2
BRDA:77,3,1,0
BRDA:88,4,0,0
BRDA:88,4,1,8
BRDA:94,5,0,2
BRDA:94,5,1,0
BRDA:105,6,0,0
BRDA:105,6,1,2
BRDA:111,7,0,1
BRDA:111,7,1,0
BRF:16
BRH:10
end_of_record
TN:
SF:src\stores\layoutStore.ts
FN:58,(anonymous_0)
FN:62,(anonymous_1)
FN:65,(anonymous_2)
FN:66,(anonymous_3)
FN:67,(anonymous_4)
FN:97,(anonymous_5)
FN:98,(anonymous_6)
FN:101,(anonymous_7)
FN:102,(anonymous_8)
FN:111,(anonymous_9)
FN:116,(anonymous_10)
FN:118,(anonymous_11)
FN:123,(anonymous_12)
FN:129,(anonymous_13)
FN:132,(anonymous_14)
FN:136,(anonymous_15)
FN:137,(anonymous_16)
FN:157,(anonymous_17)
FN:158,(anonymous_18)
FN:159,(anonymous_19)
FN:176,(anonymous_20)
FN:218,(anonymous_21)
FN:238,(anonymous_22)
FN:244,(anonymous_23)
FN:248,(anonymous_24)
FN:250,(anonymous_25)
FN:253,(anonymous_26)
FN:254,(anonymous_27)
FN:263,(anonymous_28)
FN:274,(anonymous_29)
FN:276,(anonymous_30)
FN:277,(anonymous_31)
FN:282,(anonymous_32)
FN:284,(anonymous_33)
FN:289,(anonymous_34)
FN:290,(anonymous_35)
FN:291,(anonymous_36)
FN:307,(anonymous_37)
FN:352,(anonymous_38)
FN:354,(anonymous_39)
FN:357,(anonymous_40)
FN:361,(anonymous_41)
FN:364,(anonymous_42)
FN:387,(anonymous_43)
FN:390,(anonymous_44)
FN:399,(anonymous_45)
FN:403,(anonymous_46)
FN:408,(anonymous_47)
FN:417,(anonymous_48)
FN:418,(anonymous_49)
FN:427,(anonymous_50)
FN:445,(anonymous_51)
FN:446,(anonymous_52)
FN:454,(anonymous_53)
FN:456,(anonymous_54)
FN:459,(anonymous_55)
FN:464,(anonymous_56)
FN:471,(anonymous_57)
FN:472,(anonymous_58)
FN:482,(anonymous_59)
FN:488,(anonymous_60)
FN:498,(anonymous_61)
FN:507,(anonymous_62)
FN:512,(anonymous_63)
FN:513,(anonymous_64)
FN:516,(anonymous_65)
FN:517,(anonymous_66)
FN:518,(anonymous_67)
FN:521,(anonymous_68)
FN:525,(anonymous_69)
FN:526,(anonymous_70)
FN:529,(anonymous_71)
FN:530,(anonymous_72)
FN:532,(anonymous_73)
FN:554,(anonymous_74)
FN:558,(anonymous_75)
FN:582,(anonymous_76)
FN:585,(anonymous_77)
FN:605,(anonymous_78)
FN:609,(anonymous_79)
FN:610,(anonymous_80)
FN:611,(anonymous_81)
FN:614,(anonymous_82)
FN:622,(anonymous_83)
FN:633,(anonymous_84)
FN:643,(anonymous_85)
FN:647,(anonymous_86)
FN:652,(anonymous_87)
FN:653,(anonymous_88)
FN:655,(anonymous_89)
FN:665,(anonymous_90)
FNF:91
FNH:69
FNDA:204,(anonymous_0)
FNDA:211,(anonymous_1)
FNDA:34,(anonymous_2)
FNDA:56,(anonymous_3)
FNDA:52,(anonymous_4)
FNDA:15,(anonymous_5)
FNDA:15,(anonymous_6)
FNDA:35,(anonymous_7)
FNDA:37,(anonymous_8)
FNDA:19,(anonymous_9)
FNDA:39,(anonymous_10)
FNDA:36,(anonymous_11)
FNDA:9,(anonymous_12)
FNDA:0,(anonymous_13)
FNDA:0,(anonymous_14)
FNDA:0,(anonymous_15)
FNDA:0,(anonymous_16)
FNDA:34,(anonymous_17)
FNDA:47,(anonymous_18)
FNDA:86,(anonymous_19)
FNDA:34,(anonymous_20)
FNDA:38,(anonymous_21)
FNDA:9,(anonymous_22)
FNDA:1,(anonymous_23)
FNDA:0,(anonymous_24)
FNDA:1,(anonymous_25)
FNDA:1,(anonymous_26)
FNDA:2,(anonymous_27)
FNDA:1,(anonymous_28)
FNDA:0,(anonymous_29)
FNDA:0,(anonymous_30)
FNDA:0,(anonymous_31)
FNDA:0,(anonymous_32)
FNDA:0,(anonymous_33)
FNDA:21,(anonymous_34)
FNDA:21,(anonymous_35)
FNDA:35,(anonymous_36)
FNDA:2,(anonymous_37)
FNDA:38,(anonymous_38)
FNDA:101,(anonymous_39)
FNDA:72,(anonymous_40)
FNDA:28,(anonymous_41)
FNDA:42,(anonymous_42)
FNDA:0,(anonymous_43)
FNDA:0,(anonymous_44)
FNDA:0,(anonymous_45)
FNDA:0,(anonymous_46)
FNDA:20,(anonymous_47)
FNDA:27,(anonymous_48)
FNDA:46,(anonymous_49)
FNDA:9,(anonymous_50)
FNDA:68,(anonymous_51)
FNDA:68,(anonymous_52)
FNDA:102,(anonymous_53)
FNDA:104,(anonymous_54)
FNDA:73,(anonymous_55)
FNDA:34,(anonymous_56)
FNDA:67,(anonymous_57)
FNDA:102,(anonymous_58)
FNDA:159,(anonymous_59)
FNDA:66,(anonymous_60)
FNDA:142,(anonymous_61)
FNDA:57,(anonymous_62)
FNDA:19,(anonymous_63)
FNDA:19,(anonymous_64)
FNDA:39,(anonymous_65)
FNDA:30,(anonymous_66)
FNDA:43,(anonymous_67)
FNDA:17,(anonymous_68)
FNDA:6,(anonymous_69)
FNDA:2,(anonymous_70)
FNDA:57,(anonymous_71)
FNDA:30,(anonymous_72)
FNDA:57,(anonymous_73)
FNDA:9,(anonymous_74)
FNDA:10,(anonymous_75)
FNDA:0,(anonymous_76)
FNDA:19,(anonymous_77)
FNDA:34,(anonymous_78)
FNDA:0,(anonymous_79)
FNDA:0,(anonymous_80)
FNDA:0,(anonymous_81)
FNDA:0,(anonymous_82)
FNDA:0,(anonymous_83)
FNDA:1,(anonymous_84)
FNDA:0,(anonymous_85)
FNDA:0,(anonymous_86)
FNDA:28,(anonymous_87)
FNDA:28,(anonymous_88)
FNDA:14,(anonymous_89)
FNDA:28,(anonymous_90)
DA:58,9
DA:59,204
DA:60,204
DA:61,204
DA:62,211
DA:65,9
DA:66,56
DA:67,52
DA:69,34
DA:70,33
DA:71,33
DA:73,33
DA:74,2
DA:75,1
DA:76,1
DA:77,1
DA:78,1
DA:79,1
DA:80,1
DA:81,1
DA:85,33
DA:94,33
DA:95,33
DA:97,33
DA:98,15
DA:99,15
DA:101,33
DA:102,37
DA:103,35
DA:106,33
DA:107,33
DA:111,9
DA:112,19
DA:113,19
DA:114,19
DA:116,39
DA:117,19
DA:118,36
DA:119,9
DA:121,9
DA:122,9
DA:123,9
DA:124,9
DA:125,0
DA:126,0
DA:129,0
DA:132,0
DA:133,0
DA:134,0
DA:136,0
DA:137,0
DA:138,0
DA:139,0
DA:140,0
DA:141,0
DA:142,0
DA:143,0
DA:149,0
DA:150,0
DA:152,0
DA:154,0
DA:157,9
DA:158,47
DA:159,86
DA:160,34
DA:162,34
DA:163,34
DA:165,34
DA:167,34
DA:176,34
DA:177,34
DA:179,34
DA:180,34
DA:182,34
DA:185,34
DA:186,0
DA:190,34
DA:191,10
DA:194,34
DA:197,34
DA:198,34
DA:199,34
DA:200,34
DA:202,34
DA:209,34
DA:210,34
DA:213,34
DA:214,34
DA:216,34
DA:217,34
DA:218,38
DA:220,34
DA:221,0
DA:225,34
DA:238,9
DA:245,1
DA:248,0
DA:251,1
DA:252,1
DA:253,1
DA:254,2
DA:256,1
DA:258,1
DA:259,1
DA:261,1
DA:262,1
DA:263,1
DA:265,1
DA:266,1
DA:269,1
DA:271,1
DA:275,0
DA:276,0
DA:277,0
DA:279,0
DA:283,0
DA:284,0
DA:286,0
DA:290,21
DA:291,35
DA:292,21
DA:294,21
DA:295,0
DA:296,0
DA:299,21
DA:300,21
DA:301,21
DA:302,21
DA:304,21
DA:308,2
DA:309,2
DA:310,2
DA:312,2
DA:313,0
DA:314,0
DA:319,2
DA:320,0
DA:324,0
DA:330,2
DA:335,2
DA:338,2
DA:343,2
DA:348,2
DA:349,2
DA:353,38
DA:354,101
DA:355,38
DA:357,72
DA:358,38
DA:359,38
DA:361,38
DA:364,42
DA:368,38
DA:369,38
DA:379,38
DA:383,38
DA:384,38
DA:388,0
DA:390,0
DA:391,0
DA:392,0
DA:395,0
DA:400,0
DA:401,0
DA:403,0
DA:404,0
DA:409,20
DA:410,20
DA:413,19
DA:414,19
DA:416,19
DA:417,27
DA:418,46
DA:419,19
DA:421,19
DA:422,19
DA:423,19
DA:425,19
DA:427,18
DA:429,17
DA:430,17
DA:431,17
DA:441,20
DA:442,20
DA:446,68
DA:447,68
DA:450,68
DA:452,68
DA:454,68
DA:455,102
DA:456,102
DA:457,104
DA:459,102
DA:463,68
DA:464,68
DA:466,68
DA:467,85
DA:468,85
DA:471,85
DA:472,102
DA:473,67
DA:474,67
DA:476,67
DA:477,67
DA:478,67
DA:482,85
DA:483,159
DA:485,159
DA:486,140
DA:487,140
DA:488,66
DA:489,66
DA:490,66
DA:491,66
DA:493,37
DA:494,66
DA:496,66
DA:498,140
DA:499,142
DA:500,142
DA:501,13
DA:502,13
DA:505,19
DA:507,57
DA:509,19
DA:510,19
DA:512,19
DA:513,19
DA:516,39
DA:517,19
DA:518,43
DA:519,30
DA:520,30
DA:521,17
DA:523,19
DA:524,2
DA:525,6
DA:526,2
DA:529,57
DA:530,30
DA:532,19
DA:533,57
DA:534,57
DA:535,27
DA:536,27
DA:539,30
DA:540,57
DA:541,24
DA:542,6
DA:543,0
DA:545,6
DA:549,19
DA:551,19
DA:552,19
DA:554,9
DA:557,10
DA:558,10
DA:560,0
DA:561,0
DA:562,0
DA:565,0
DA:566,0
DA:567,0
DA:570,0
DA:571,0
DA:575,0
DA:576,0
DA:577,0
DA:581,0
DA:582,0
DA:585,19
DA:586,19
DA:587,19
DA:590,19
DA:592,19
DA:593,7
DA:594,7
DA:600,85
DA:605,68
DA:610,0
DA:611,0
DA:612,0
DA:613,0
DA:614,0
DA:615,0
DA:616,0
DA:617,0
DA:618,0
DA:623,0
DA:624,0
DA:625,0
DA:626,0
DA:627,0
DA:628,0
DA:629,0
DA:630,0
DA:634,1
DA:635,1
DA:636,1
DA:637,1
DA:638,1
DA:640,0
DA:644,0
DA:648,0
DA:649,0
DA:653,28
DA:654,28
DA:655,28
DA:656,14
DA:657,13
DA:661,28
DA:665,9
DA:666,28
LF:313
LH:235
BRDA:59,0,0,0
BRDA:59,0,1,204
BRDA:61,1,0,151
BRDA:61,1,1,53
BRDA:67,2,0,34
BRDA:67,2,1,1
BRDA:69,3,0,33
BRDA:69,3,1,1
BRDA:69,4,0,34
BRDA:69,4,1,33
BRDA:70,5,0,33
BRDA:70,5,1,0
BRDA:73,6,0,2
BRDA:73,6,1,31
BRDA:74,7,0,1
BRDA:74,7,1,1
BRDA:75,8,0,0
BRDA:75,8,1,1
BRDA:76,9,0,1
BRDA:76,9,1,0
BRDA:77,10,0,0
BRDA:77,10,1,1
BRDA:78,11,0,1
BRDA:78,11,1,0
BRDA:79,12,0,0
BRDA:79,12,1,1
BRDA:80,13,0,1
BRDA:80,13,1,0
BRDA:81,14,0,0
BRDA:81,14,1,1
BRDA:92,15,0,0
BRDA:92,15,1,33
BRDA:92,16,0,0
BRDA:92,16,1,0
BRDA:99,17,0,15
BRDA:99,17,1,0
BRDA:103,18,0,35
BRDA:103,18,1,0
BRDA:111,19,0,19
BRDA:113,20,0,0
BRDA:113,20,1,19
BRDA:116,21,0,39
BRDA:116,21,1,9
BRDA:117,22,0,10
BRDA:117,22,1,9
BRDA:119,23,0,0
BRDA:119,23,1,9
BRDA:121,24,0,9
BRDA:121,24,1,0
BRDA:124,25,0,9
BRDA:124,25,1,0
BRDA:125,26,0,0
BRDA:125,26,1,0
BRDA:138,27,0,0
BRDA:138,27,1,0
BRDA:139,28,0,0
BRDA:139,28,1,0
BRDA:140,29,0,0
BRDA:140,29,1,0
BRDA:141,30,0,0
BRDA:141,30,1,0
BRDA:143,31,0,0
BRDA:143,31,1,0
BRDA:149,32,0,0
BRDA:149,32,1,0
BRDA:150,33,0,0
BRDA:150,33,1,0
BRDA:160,34,0,0
BRDA:160,34,1,34
BRDA:160,35,0,34
BRDA:160,35,1,34
BRDA:162,36,0,34
BRDA:162,36,1,0
BRDA:163,37,0,34
BRDA:163,37,1,0
BRDA:165,38,0,0
BRDA:165,38,1,34
BRDA:165,39,0,34
BRDA:165,39,1,34
BRDA:167,40,0,34
BRDA:167,40,1,0
BRDA:176,41,0,34
BRDA:176,41,1,0
BRDA:179,42,0,34
BRDA:179,42,1,0
BRDA:185,43,0,0
BRDA:185,43,1,34
BRDA:185,44,0,34
BRDA:185,44,1,0
BRDA:185,44,2,0
BRDA:190,45,0,10
BRDA:190,45,1,24
BRDA:190,46,0,34
BRDA:190,46,1,34
BRDA:197,47,0,34
BRDA:197,47,1,0
BRDA:197,48,0,34
BRDA:197,48,1,10
BRDA:218,49,0,38
BRDA:218,49,1,19
BRDA:220,50,0,0
BRDA:220,50,1,34
BRDA:256,51,0,0
BRDA:256,51,1,1
BRDA:256,52,0,1
BRDA:256,52,1,1
BRDA:258,53,0,1
BRDA:258,53,1,0
BRDA:259,54,0,0
BRDA:259,54,1,1
BRDA:262,55,0,1
BRDA:262,55,1,0
BRDA:265,56,0,1
BRDA:265,56,1,0
BRDA:266,57,0,1
BRDA:266,57,1,0
BRDA:277,58,0,0
BRDA:277,58,1,0
BRDA:292,59,0,0
BRDA:292,59,1,21
BRDA:294,60,0,0
BRDA:294,60,1,21
BRDA:312,61,0,0
BRDA:312,61,1,2
BRDA:319,62,0,0
BRDA:319,62,1,2
BRDA:355,63,0,0
BRDA:355,63,1,38
BRDA:357,64,0,38
BRDA:357,64,1,0
BRDA:391,65,0,0
BRDA:391,65,1,0
BRDA:403,66,0,0
BRDA:403,66,1,0
BRDA:410,67,0,1
BRDA:410,67,1,19
BRDA:410,68,0,20
BRDA:410,68,1,19
BRDA:410,68,2,19
BRDA:410,68,3,19
BRDA:410,68,4,19
BRDA:419,69,0,0
BRDA:419,69,1,19
BRDA:419,70,0,19
BRDA:419,70,1,19
BRDA:423,71,0,0
BRDA:423,71,1,19
BRDA:423,72,0,19
BRDA:423,72,1,19
BRDA:425,73,0,1
BRDA:425,73,1,18
BRDA:425,74,0,19
BRDA:425,74,1,19
BRDA:425,74,2,17
BRDA:427,75,0,1
BRDA:427,75,1,17
BRDA:427,76,0,9
BRDA:427,76,1,3
BRDA:436,77,0,17
BRDA:436,77,1,5
BRDA:452,78,0,68
BRDA:452,78,1,0
BRDA:457,79,0,9
BRDA:457,79,1,95
BRDA:473,80,0,67
BRDA:473,80,1,0
BRDA:474,81,0,0
BRDA:474,81,1,67
BRDA:476,82,0,67
BRDA:476,82,1,0
BRDA:478,83,0,67
BRDA:478,83,1,67
BRDA:485,84,0,140
BRDA:485,84,1,19
BRDA:487,85,0,66
BRDA:487,85,1,74
BRDA:489,86,0,0
BRDA:489,86,1,66
BRDA:491,87,0,29
BRDA:491,87,1,37
BRDA:493,88,0,37
BRDA:493,88,1,3
BRDA:500,89,0,13
BRDA:500,89,1,129
BRDA:500,90,0,142
BRDA:500,90,1,0
BRDA:505,91,0,19
BRDA:505,91,1,0
BRDA:507,92,0,57
BRDA:507,92,1,27
BRDA:510,93,0,0
BRDA:510,93,1,19
BRDA:517,94,0,19
BRDA:517,94,1,2
BRDA:519,95,0,0
BRDA:519,95,1,30
BRDA:520,96,0,30
BRDA:520,96,1,0
BRDA:521,97,0,17
BRDA:521,97,1,17
BRDA:523,98,0,2
BRDA:523,98,1,17
BRDA:530,99,0,30
BRDA:530,99,1,0
BRDA:534,100,0,27
BRDA:534,100,1,30
BRDA:539,101,0,30
BRDA:539,101,1,0
BRDA:540,102,0,24
BRDA:540,102,1,6
BRDA:542,103,0,0
BRDA:542,103,1,6
BRDA:551,104,0,19
BRDA:551,104,1,0
BRDA:551,105,0,19
BRDA:551,105,1,0
BRDA:552,106,0,9
BRDA:552,106,1,10
BRDA:560,107,0,0
BRDA:560,107,1,0
BRDA:560,108,0,0
BRDA:560,108,1,0
BRDA:561,109,0,0
BRDA:561,109,1,0
BRDA:562,110,0,0
BRDA:562,110,1,0
BRDA:575,111,0,0
BRDA:575,111,1,0
BRDA:575,112,0,0
BRDA:575,112,1,0
BRDA:586,113,0,19
BRDA:586,113,1,2
BRDA:587,114,0,19
BRDA:587,114,1,10
BRDA:592,115,0,7
BRDA:592,115,1,12
BRDA:592,116,0,19
BRDA:592,116,1,0
BRDA:600,117,0,68
BRDA:600,117,1,17
BRDA:612,118,0,0
BRDA:612,118,1,0
BRDA:612,119,0,0
BRDA:612,119,1,0
BRDA:636,120,0,1
BRDA:636,120,1,0
BRDA:636,121,0,1
BRDA:636,121,1,1
BRDA:649,122,0,0
BRDA:649,122,1,0
BRDA:656,123,0,13
BRDA:656,123,1,1
BRF:252
BRH:151
end_of_record
TN:
SF:src\types\block.ts
FN:165,getPortPosition
FN:189,(anonymous_1)
FNF:2
FNH:2
FNDA:72,getPortPosition
FNDA:55,(anonymous_1)
DA:146,12
DA:170,72
DA:171,72
DA:172,72
DA:175,72
DA:176,15
DA:177,15
DA:181,57
DA:183,57
DA:184,1
DA:185,1
DA:188,55
DA:189,55
DA:190,55
DA:192,55
DA:193,55
DA:195,55
DA:196,55
DA:199,0
LF:19
LH:18
BRDA:170,0,0,72
BRDA:170,0,1,0
BRDA:171,1,0,72
BRDA:171,1,1,0
BRDA:175,2,0,15
BRDA:175,2,1,57
BRDA:176,3,0,12
BRDA:176,3,1,3
BRDA:183,4,0,1
BRDA:183,4,1,1
BRDA:183,4,2,23
BRDA:183,4,3,55
BRDA:188,5,0,23
BRDA:188,5,1,32
BRDA:190,6,0,0
BRDA:190,6,1,55
BRDA:195,7,0,23
BRDA:195,7,1,32
BRF:18
BRH:15
end_of_record
TN:
SF:src\types\connection.ts
FNF:0
FNH:0
LF:0
LH:0
BRF:0
BRH:0
end_of_record
TN:
SF:src\types\game.ts
FN:177,beltItemsPerMinute
FNF:1
FNH:1
FNDA:51,beltItemsPerMinute
DA:178,51
LF:1
LH:1
BRF:0
BRH:0
end_of_record
TN:
SF:src\types\layout.ts
FNF:0
FNH:0
LF:0
LH:0
BRF:0
BRH:0
end_of_record
TN:
SF:src\types\ui.ts
FNF:0
FNH:0
LF:0
LH:0
BRF:0
BRH:0
end_of_record
