TN:
SF:src\App.tsx
FN:6,App
FN:10,(anonymous_1)
FN:17,(anonymous_2)
FNF:3
FNH:0
FNDA:0,App
FNDA:0,(anonymous_1)
FNDA:0,(anonymous_2)
DA:7,0
DA:9,0
DA:10,0
DA:17,0
LF:4
LH:0
BRDA:13,0,0,0
BRDA:13,0,1,0
BRF:2
BRH:0
end_of_record
TN:
SF:src\main.tsx
FNF:0
FNH:0
DA:6,0
LF:1
LH:0
BRF:0
BRH:0
end_of_record
TN:
SF:src\components\blocks\Block.tsx
FN:6,(anonymous_0)
FN:8,(anonymous_1)
FN:9,(anonymous_2)
FN:39,(anonymous_3)
FN:60,(anonymous_4)
FNF:5
FNH:0
FNDA:0,(anonymous_0)
FNDA:0,(anonymous_1)
FNDA:0,(anonymous_2)
FNDA:0,(anonymous_3)
FNDA:0,(anonymous_4)
DA:6,0
DA:8,0
DA:9,0
DA:10,0
DA:12,0
DA:40,0
DA:61,0
LF:7
LH:0
BRDA:9,0,0,0
BRDA:9,0,1,0
BRDA:10,1,0,0
BRDA:10,1,1,0
BRDA:16,2,0,0
BRDA:16,2,1,0
BRF:6
BRH:0
end_of_record
TN:
SF:src\components\canvas\Canvas.tsx
FN:17,(anonymous_0)
FN:22,(anonymous_1)
FN:23,(anonymous_2)
FN:24,(anonymous_3)
FN:25,(anonymous_4)
FN:26,(anonymous_5)
FN:27,(anonymous_6)
FN:30,(anonymous_7)
FN:34,(anonymous_8)
FN:40,(anonymous_9)
FN:88,(anonymous_10)
FNF:11
FNH:0
FNDA:0,(anonymous_0)
FNDA:0,(anonymous_1)
FNDA:0,(anonymous_2)
FNDA:0,(anonymous_3)
FNDA:0,(anonymous_4)
FNDA:0,(anonymous_5)
FNDA:0,(anonymous_6)
FNDA:0,(anonymous_7)
FNDA:0,(anonymous_8)
FNDA:0,(anonymous_9)
FNDA:0,(anonymous_10)
DA:17,0
DA:18,0
DA:19,0
DA:22,0
DA:23,0
DA:24,0
DA:25,0
DA:26,0
DA:27,0
DA:30,0
DA:34,0
DA:35,0
DA:36,0
DA:39,0
DA:41,0
DA:43,0
DA:44,0
DA:46,0
DA:47,0
DA:50,0
DA:51,0
DA:52,0
DA:57,0
DA:58,0
DA:64,0
DA:88,0
DA:89,0
LF:27
LH:0
BRDA:17,0,0,0
BRDA:46,1,0,0
BRDA:46,1,1,0
BRDA:46,2,0,0
BRDA:46,2,1,0
BRDA:46,2,2,0
BRDA:50,3,0,0
BRDA:50,3,1,0
BRF:8
BRH:0
end_of_record
TN:
SF:src\components\layout\AppShell.tsx
FN:10,(anonymous_0)
FNF:1
FNH:0
FNDA:0,(anonymous_0)
DA:10,0
DA:11,0
LF:2
LH:0
BRF:0
BRH:0
end_of_record
TN:
SF:src\components\layout\Sidebar.tsx
FN:8,(anonymous_0)
FN:11,(anonymous_1)
FN:13,(anonymous_2)
FN:34,(anonymous_3)
FN:40,(anonymous_4)
FN:44,(anonymous_5)
FNF:6
FNH:0
FNDA:0,(anonymous_0)
FNDA:0,(anonymous_1)
FNDA:0,(anonymous_2)
FNDA:0,(anonymous_3)
FNDA:0,(anonymous_4)
FNDA:0,(anonymous_5)
DA:8,0
DA:9,0
DA:11,0
DA:12,0
DA:13,0
DA:14,0
DA:15,0
DA:17,0
DA:19,0
DA:22,0
DA:35,0
DA:41,0
DA:45,0
DA:46,0
DA:47,0
LF:15
LH:0
BRDA:8,0,0,0
BRDA:14,1,0,0
BRDA:14,1,1,0
BRF:3
BRH:0
end_of_record
TN:
SF:src\components\layout\Toolbar.tsx
FN:8,(anonymous_0)
FNF:1
FNH:1
FNDA:3,(anonymous_0)
DA:8,1
DA:9,3
LF:2
LH:2
BRDA:8,0,0,3
BRF:1
BRH:1
end_of_record
TN:
SF:src\components\modals\GameDataEditor\GameDataEditor.tsx
FN:10,(anonymous_0)
FN:25,(anonymous_1)
FN:30,(anonymous_2)
FN:40,(anonymous_3)
FN:50,(anonymous_4)
FN:58,(anonymous_5)
FN:66,(anonymous_6)
FN:74,(anonymous_7)
FN:84,(anonymous_8)
FN:92,(anonymous_9)
FN:102,(anonymous_10)
FN:107,(anonymous_11)
FN:112,(anonymous_12)
FN:112,(anonymous_13)
FN:118,(anonymous_14)
FN:131,(anonymous_15)
FN:136,(anonymous_16)
FN:138,(anonymous_17)
FN:148,(anonymous_18)
FN:155,(anonymous_19)
FN:166,(anonymous_20)
FN:173,(anonymous_21)
FN:183,(anonymous_22)
FN:190,(anonymous_23)
FN:200,(anonymous_24)
FN:216,(anonymous_25)
FN:219,(anonymous_26)
FN:254,(anonymous_27)
FN:257,(anonymous_28)
FN:268,(anonymous_29)
FN:271,(anonymous_30)
FN:281,(anonymous_31)
FN:284,(anonymous_32)
FN:294,(anonymous_33)
FN:297,(anonymous_34)
FN:323,(anonymous_35)
FN:333,(anonymous_36)
FN:347,(anonymous_37)
FN:366,(anonymous_38)
FN:378,(anonymous_39)
FN:388,(anonymous_40)
FN:391,(anonymous_41)
FN:404,(anonymous_42)
FN:426,(anonymous_43)
FN:444,(anonymous_44)
FN:456,(anonymous_45)
FN:473,(anonymous_46)
FN:492,(anonymous_47)
FN:504,(anonymous_48)
FN:517,(anonymous_49)
FN:528,(anonymous_50)
FN:534,(anonymous_51)
FN:538,(anonymous_52)
FN:546,(anonymous_53)
FN:554,(anonymous_54)
FN:563,(anonymous_55)
FN:564,(anonymous_56)
FN:581,(anonymous_57)
FN:587,(anonymous_58)
FN:591,(anonymous_59)
FN:599,(anonymous_60)
FN:607,(anonymous_61)
FN:616,(anonymous_62)
FN:617,(anonymous_63)
FN:645,(anonymous_64)
FN:662,(anonymous_65)
FN:672,(anonymous_66)
FN:687,(anonymous_67)
FN:706,(anonymous_68)
FN:718,(anonymous_69)
FN:728,(anonymous_70)
FN:731,(anonymous_71)
FN:745,(anonymous_72)
FN:767,(anonymous_73)
FN:784,(anonymous_74)
FN:793,(anonymous_75)
FN:807,(anonymous_76)
FN:826,(anonymous_77)
FN:838,(anonymous_78)
FN:850,(anonymous_79)
FN:863,(anonymous_80)
FN:876,(anonymous_81)
FN:882,(anonymous_82)
FN:905,(anonymous_83)
FNF:84
FNH:48
FNDA:44,(anonymous_0)
FNDA:20,(anonymous_1)
FNDA:2,(anonymous_2)
FNDA:1,(anonymous_3)
FNDA:1,(anonymous_4)
FNDA:0,(anonymous_5)
FNDA:0,(anonymous_6)
FNDA:1,(anonymous_7)
FNDA:0,(anonymous_8)
FNDA:1,(anonymous_9)
FNDA:2,(anonymous_10)
FNDA:0,(anonymous_11)
FNDA:0,(anonymous_12)
FNDA:0,(anonymous_13)
FNDA:2,(anonymous_14)
FNDA:5,(anonymous_15)
FNDA:44,(anonymous_16)
FNDA:6,(anonymous_17)
FNDA:0,(anonymous_18)
FNDA:1,(anonymous_19)
FNDA:0,(anonymous_20)
FNDA:1,(anonymous_21)
FNDA:0,(anonymous_22)
FNDA:0,(anonymous_23)
FNDA:0,(anonymous_24)
FNDA:176,(anonymous_25)
FNDA:5,(anonymous_26)
FNDA:252,(anonymous_27)
FNDA:3,(anonymous_28)
FNDA:30,(anonymous_29)
FNDA:1,(anonymous_30)
FNDA:18,(anonymous_31)
FNDA:1,(anonymous_32)
FNDA:13,(anonymous_33)
FNDA:0,(anonymous_34)
FNDA:8,(anonymous_35)
FNDA:4,(anonymous_36)
FNDA:2,(anonymous_37)
FNDA:1,(anonymous_38)
FNDA:1,(anonymous_39)
FNDA:0,(anonymous_40)
FNDA:56,(anonymous_41)
FNDA:0,(anonymous_42)
FNDA:1,(anonymous_43)
FNDA:3,(anonymous_44)
FNDA:1,(anonymous_45)
FNDA:1,(anonymous_46)
FNDA:0,(anonymous_47)
FNDA:0,(anonymous_48)
FNDA:1,(anonymous_49)
FNDA:0,(anonymous_50)
FNDA:3,(anonymous_51)
FNDA:0,(anonymous_52)
FNDA:27,(anonymous_53)
FNDA:0,(anonymous_54)
FNDA:0,(anonymous_55)
FNDA:0,(anonymous_56)
FNDA:0,(anonymous_57)
FNDA:3,(anonymous_58)
FNDA:0,(anonymous_59)
FNDA:27,(anonymous_60)
FNDA:0,(anonymous_61)
FNDA:0,(anonymous_62)
FNDA:0,(anonymous_63)
FNDA:0,(anonymous_64)
FNDA:3,(anonymous_65)
FNDA:1,(anonymous_66)
FNDA:1,(anonymous_67)
FNDA:0,(anonymous_68)
FNDA:0,(anonymous_69)
FNDA:0,(anonymous_70)
FNDA:21,(anonymous_71)
FNDA:1,(anonymous_72)
FNDA:0,(anonymous_73)
FNDA:4,(anonymous_74)
FNDA:1,(anonymous_75)
FNDA:1,(anonymous_76)
FNDA:0,(anonymous_77)
FNDA:1,(anonymous_78)
FNDA:0,(anonymous_79)
FNDA:1,(anonymous_80)
FNDA:0,(anonymous_81)
FNDA:0,(anonymous_82)
FNDA:0,(anonymous_83)
DA:10,1
DA:11,44
DA:12,44
DA:13,44
DA:22,44
DA:25,44
DA:26,20
DA:27,20
DA:30,44
DA:31,2
DA:32,1
DA:34,1
DA:36,2
DA:37,2
DA:40,44
DA:41,1
DA:42,0
DA:44,1
DA:46,1
DA:47,1
DA:50,44
DA:51,1
DA:52,1
DA:53,1
DA:54,1
DA:58,44
DA:59,0
DA:60,0
DA:61,0
DA:62,0
DA:66,44
DA:67,0
DA:68,0
DA:69,0
DA:70,0
DA:74,44
DA:75,1
DA:76,0
DA:78,1
DA:80,1
DA:81,1
DA:84,44
DA:85,0
DA:86,0
DA:87,0
DA:88,0
DA:92,44
DA:93,1
DA:94,1
DA:96,0
DA:98,1
DA:99,1
DA:102,44
DA:103,2
DA:104,2
DA:107,44
DA:108,0
DA:109,0
DA:111,0
DA:112,0
DA:114,0
DA:118,44
DA:119,2
DA:120,2
DA:121,2
DA:122,2
DA:123,1
DA:124,1
DA:126,1
DA:131,44
DA:132,5
DA:133,5
DA:136,44
DA:137,44
DA:138,28
DA:139,28
DA:141,28
DA:142,8
DA:148,0
DA:154,36
DA:155,6
DA:156,6
DA:158,6
DA:159,1
DA:166,0
DA:172,35
DA:173,6
DA:174,6
DA:176,6
DA:177,1
DA:183,0
DA:189,34
DA:190,4
DA:191,4
DA:193,4
DA:194,1
DA:200,0
DA:206,33
DA:209,44
DA:217,176
DA:219,5
DA:255,252
DA:257,3
DA:269,30
DA:271,1
DA:282,18
DA:284,1
DA:295,13
DA:297,0
DA:323,1
DA:324,8
DA:333,8
DA:334,4
DA:335,3
DA:336,1
DA:337,1
DA:347,8
DA:348,2
DA:349,2
DA:350,2
DA:354,8
DA:366,1
DA:378,1
DA:388,0
DA:392,56
DA:404,0
DA:426,1
DA:444,1
DA:445,3
DA:456,3
DA:457,1
DA:458,1
DA:459,0
DA:460,0
DA:473,3
DA:474,1
DA:475,1
DA:476,1
DA:480,3
DA:492,0
DA:504,0
DA:517,1
DA:528,0
DA:535,3
DA:539,0
DA:540,0
DA:541,0
DA:547,27
DA:555,0
DA:556,0
DA:557,0
DA:564,0
DA:565,0
DA:581,0
DA:588,3
DA:592,0
DA:593,0
DA:594,0
DA:600,27
DA:608,0
DA:609,0
DA:610,0
DA:617,0
DA:618,0
DA:645,0
DA:662,1
DA:663,3
DA:672,3
DA:673,1
DA:674,1
DA:675,0
DA:676,0
DA:687,3
DA:688,1
DA:689,1
DA:690,1
DA:694,3
DA:706,0
DA:718,0
DA:728,0
DA:732,21
DA:745,1
DA:767,0
DA:784,1
DA:785,4
DA:793,4
DA:794,1
DA:795,0
DA:796,1
DA:797,1
DA:807,4
DA:808,1
DA:809,1
DA:810,1
DA:814,4
DA:826,0
DA:838,1
DA:850,0
DA:863,1
DA:876,0
DA:882,0
DA:905,0
LF:202
LH:140
BRDA:31,0,0,1
BRDA:31,0,1,1
BRDA:41,1,0,0
BRDA:41,1,1,1
BRDA:51,2,0,1
BRDA:51,2,1,0
BRDA:59,3,0,0
BRDA:59,3,1,0
BRDA:67,4,0,0
BRDA:67,4,1,0
BRDA:75,5,0,0
BRDA:75,5,1,1
BRDA:85,6,0,0
BRDA:85,6,1,0
BRDA:93,7,0,1
BRDA:93,7,1,0
BRDA:111,8,0,0
BRDA:111,8,1,0
BRDA:120,9,0,2
BRDA:120,9,1,0
BRDA:122,10,0,1
BRDA:122,10,1,1
BRDA:122,11,0,2
BRDA:122,11,1,1
BRDA:137,12,0,28
BRDA:137,12,1,16
BRDA:138,13,0,6
BRDA:138,13,1,22
BRDA:139,14,0,0
BRDA:139,14,1,28
BRDA:139,15,0,28
BRDA:139,15,1,6
BRDA:139,15,2,0
BRDA:141,16,0,8
BRDA:141,16,1,20
BRDA:141,17,0,28
BRDA:141,17,1,22
BRDA:154,18,0,6
BRDA:154,18,1,30
BRDA:155,19,0,1
BRDA:155,19,1,5
BRDA:156,20,0,0
BRDA:156,20,1,6
BRDA:156,21,0,6
BRDA:156,21,1,1
BRDA:156,21,2,0
BRDA:158,22,0,1
BRDA:158,22,1,5
BRDA:158,23,0,6
BRDA:158,23,1,5
BRDA:172,24,0,6
BRDA:172,24,1,29
BRDA:173,25,0,1
BRDA:173,25,1,5
BRDA:174,26,0,0
BRDA:174,26,1,6
BRDA:174,27,0,6
BRDA:174,27,1,1
BRDA:174,27,2,0
BRDA:176,28,0,1
BRDA:176,28,1,5
BRDA:176,29,0,6
BRDA:176,29,1,5
BRDA:189,30,0,4
BRDA:189,30,1,30
BRDA:190,31,0,0
BRDA:190,31,1,4
BRDA:191,32,0,0
BRDA:191,32,1,4
BRDA:191,33,0,4
BRDA:191,33,1,0
BRDA:191,33,2,0
BRDA:193,34,0,1
BRDA:193,34,1,3
BRDA:193,35,0,4
BRDA:193,35,1,4
BRDA:220,36,0,44
BRDA:220,36,1,132
BRDA:252,37,0,44
BRDA:252,37,1,28
BRDA:258,38,0,6
BRDA:258,38,1,246
BRDA:266,39,0,44
BRDA:266,39,1,6
BRDA:272,40,0,1
BRDA:272,40,1,29
BRDA:279,41,0,44
BRDA:279,41,1,6
BRDA:285,42,0,1
BRDA:285,42,1,17
BRDA:292,43,0,44
BRDA:292,43,1,4
BRDA:298,44,0,0
BRDA:298,44,1,13
BRDA:324,45,0,8
BRDA:324,45,1,3
BRDA:334,46,0,3
BRDA:334,46,1,1
BRDA:336,47,0,1
BRDA:336,47,1,0
BRDA:349,48,0,2
BRDA:349,48,1,0
BRDA:349,49,0,2
BRDA:349,49,1,2
BRDA:356,50,0,3
BRDA:356,50,1,5
BRDA:423,51,0,8
BRDA:423,51,1,5
BRDA:445,52,0,3
BRDA:445,52,1,0
BRDA:457,53,0,1
BRDA:457,53,1,0
BRDA:459,54,0,0
BRDA:459,54,1,0
BRDA:475,55,0,1
BRDA:475,55,1,0
BRDA:475,56,0,1
BRDA:475,56,1,1
BRDA:482,57,0,0
BRDA:482,57,1,3
BRDA:528,58,0,0
BRDA:528,58,1,0
BRDA:539,59,0,0
BRDA:539,59,1,0
BRDA:555,60,0,0
BRDA:555,60,1,0
BRDA:581,61,0,0
BRDA:581,61,1,0
BRDA:592,62,0,0
BRDA:592,62,1,0
BRDA:608,63,0,0
BRDA:608,63,1,0
BRDA:642,64,0,3
BRDA:642,64,1,3
BRDA:663,65,0,3
BRDA:663,65,1,0
BRDA:673,66,0,1
BRDA:673,66,1,0
BRDA:675,67,0,0
BRDA:675,67,1,0
BRDA:689,68,0,1
BRDA:689,68,1,0
BRDA:689,69,0,1
BRDA:689,69,1,1
BRDA:696,70,0,0
BRDA:696,70,1,3
BRDA:764,71,0,3
BRDA:764,71,1,3
BRDA:785,72,0,4
BRDA:785,72,1,4
BRDA:794,73,0,0
BRDA:794,73,1,1
BRDA:796,74,0,1
BRDA:796,74,1,0
BRDA:809,75,0,1
BRDA:809,75,1,0
BRDA:809,76,0,1
BRDA:809,76,1,1
BRDA:816,77,0,4
BRDA:816,77,1,0
BRDA:902,78,0,4
BRDA:902,78,1,0
BRF:162
BRH:107
end_of_record
TN:
SF:src\components\modals\RecipePicker\RecipePicker.tsx
FN:10,(anonymous_0)
FN:15,(anonymous_1)
FN:16,(anonymous_2)
FN:20,(anonymous_3)
FN:21,(anonymous_4)
FN:44,(anonymous_5)
FN:49,(anonymous_6)
FN:52,(anonymous_7)
FN:67,(anonymous_8)
FN:70,(anonymous_9)
FN:87,(anonymous_10)
FNF:11
FNH:0
FNDA:0,(anonymous_0)
FNDA:0,(anonymous_1)
FNDA:0,(anonymous_2)
FNDA:0,(anonymous_3)
FNDA:0,(anonymous_4)
FNDA:0,(anonymous_5)
FNDA:0,(anonymous_6)
FNDA:0,(anonymous_7)
FNDA:0,(anonymous_8)
FNDA:0,(anonymous_9)
FNDA:0,(anonymous_10)
DA:10,0
DA:11,0
DA:12,0
DA:13,0
DA:15,0
DA:16,0
DA:17,0
DA:20,0
DA:21,0
DA:22,0
DA:23,0
DA:24,0
DA:28,0
DA:44,0
DA:50,0
DA:52,0
DA:68,0
DA:70,0
DA:88,0
LF:19
LH:0
BRDA:23,0,0,0
BRDA:23,0,1,0
BRDA:24,1,0,0
BRDA:24,1,1,0
BRDA:53,2,0,0
BRDA:53,2,1,0
BRDA:101,3,0,0
BRDA:101,3,1,0
BRF:8
BRH:0
end_of_record
TN:
SF:src\data\dsp.ts
FNF:0
FNH:0
DA:4,5
LF:1
LH:1
BRF:0
BRH:0
end_of_record
TN:
SF:src\lib\io\gameData.ts
FN:78,validateGameData
FN:91,importGameData
FN:104,exportGameData
FNF:3
FNH:3
FNDA:7,validateGameData
FNDA:5,importGameData
FNDA:1,exportGameData
DA:5,2
DA:15,2
DA:21,2
DA:33,2
DA:48,2
DA:57,2
DA:79,7
DA:92,5
DA:93,5
DA:94,5
DA:95,5
DA:97,3
DA:105,1
LF:13
LH:13
BRDA:97,0,0,3
BRDA:97,0,1,0
BRF:2
BRH:1
end_of_record
TN:
SF:src\lib\validation\gameValidators.ts
FN:13,checkGameDataConsistency
FN:15,(anonymous_1)
FN:16,(anonymous_2)
FN:19,(anonymous_3)
FN:30,(anonymous_4)
FN:41,(anonymous_5)
FN:53,(anonymous_6)
FN:54,(anonymous_7)
FN:55,(anonymous_8)
FNF:9
FNH:9
FNDA:4,checkGameDataConsistency
FNDA:36,(anonymous_1)
FNDA:12,(anonymous_2)
FNDA:8,(anonymous_3)
FNDA:9,(anonymous_4)
FNDA:8,(anonymous_5)
FNDA:9,(anonymous_6)
FNDA:8,(anonymous_7)
FNDA:9,(anonymous_8)
DA:14,4
DA:15,36
DA:16,12
DA:19,4
DA:21,8
DA:22,1
DA:30,8
DA:31,9
DA:32,1
DA:41,8
DA:42,8
DA:43,0
DA:53,9
DA:54,8
DA:55,9
DA:57,8
DA:58,1
DA:66,4
LF:18
LH:17
BRDA:21,0,0,1
BRDA:21,0,1,7
BRDA:31,1,0,1
BRDA:31,1,1,8
BRDA:42,2,0,0
BRDA:42,2,1,8
BRDA:57,3,0,1
BRDA:57,3,1,7
BRF:8
BRH:7
end_of_record
TN:
SF:src\scripts\validate-phase1.ts
FN:27,(anonymous_0)
FN:45,(anonymous_1)
FN:72,(anonymous_2)
FNF:3
FNH:0
FNDA:0,(anonymous_0)
FNDA:0,(anonymous_1)
FNDA:0,(anonymous_2)
DA:10,0
DA:13,0
DA:14,0
DA:15,0
DA:18,0
DA:19,0
DA:27,0
DA:28,0
DA:30,0
DA:33,0
DA:34,0
DA:45,0
DA:46,0
DA:50,0
DA:51,0
DA:52,0
DA:53,0
DA:55,0
DA:59,0
DA:60,0
DA:61,0
DA:64,0
DA:65,0
DA:67,0
DA:68,0
DA:69,0
DA:72,0
DA:73,0
DA:74,0
DA:76,0
DA:79,0
DA:82,0
LF:32
LH:0
BRDA:52,0,0,0
BRDA:52,0,1,0
BRDA:67,1,0,0
BRDA:67,1,1,0
BRDA:67,2,0,0
BRDA:67,2,1,0
BRDA:73,3,0,0
BRDA:73,3,1,0
BRF:8
BRH:0
end_of_record
TN:
SF:src\stores\gameStore.ts
FN:40,(anonymous_0)
FN:45,(anonymous_1)
FN:45,(anonymous_2)
FN:46,(anonymous_3)
FN:46,(anonymous_4)
FN:47,(anonymous_5)
FN:47,(anonymous_6)
FN:52,(anonymous_7)
FN:52,(anonymous_8)
FN:54,(anonymous_9)
FN:58,(anonymous_10)
FN:58,(anonymous_11)
FN:59,(anonymous_12)
FN:65,(anonymous_13)
FN:65,(anonymous_14)
FN:66,(anonymous_15)
FN:70,(anonymous_16)
FN:70,(anonymous_17)
FN:71,(anonymous_18)
FN:75,(anonymous_19)
FN:75,(anonymous_20)
FN:76,(anonymous_21)
FN:82,(anonymous_22)
FN:82,(anonymous_23)
FN:83,(anonymous_24)
FN:87,(anonymous_25)
FN:87,(anonymous_26)
FN:88,(anonymous_27)
FN:92,(anonymous_28)
FN:92,(anonymous_29)
FN:93,(anonymous_30)
FN:99,(anonymous_31)
FN:99,(anonymous_32)
FN:100,(anonymous_33)
FN:104,(anonymous_34)
FN:104,(anonymous_35)
FN:105,(anonymous_36)
FN:109,(anonymous_37)
FN:109,(anonymous_38)
FN:110,(anonymous_39)
FN:116,(anonymous_40)
FN:116,(anonymous_41)
FN:117,(anonymous_42)
FN:121,(anonymous_43)
FN:122,(anonymous_44)
FNF:45
FNH:42
FNDA:2,(anonymous_0)
FNDA:1,(anonymous_1)
FNDA:1,(anonymous_2)
FNDA:3,(anonymous_3)
FNDA:19,(anonymous_4)
FNDA:1,(anonymous_5)
FNDA:4,(anonymous_6)
FNDA:2,(anonymous_7)
FNDA:2,(anonymous_8)
FNDA:6,(anonymous_9)
FNDA:2,(anonymous_10)
FNDA:2,(anonymous_11)
FNDA:2,(anonymous_12)
FNDA:1,(anonymous_13)
FNDA:1,(anonymous_14)
FNDA:5,(anonymous_15)
FNDA:2,(anonymous_16)
FNDA:2,(anonymous_17)
FNDA:18,(anonymous_18)
FNDA:2,(anonymous_19)
FNDA:2,(anonymous_20)
FNDA:2,(anonymous_21)
FNDA:2,(anonymous_22)
FNDA:2,(anonymous_23)
FNDA:18,(anonymous_24)
FNDA:1,(anonymous_25)
FNDA:1,(anonymous_26)
FNDA:3,(anonymous_27)
FNDA:2,(anonymous_28)
FNDA:2,(anonymous_29)
FNDA:5,(anonymous_30)
FNDA:0,(anonymous_31)
FNDA:0,(anonymous_32)
FNDA:0,(anonymous_33)
FNDA:2,(anonymous_34)
FNDA:2,(anonymous_35)
FNDA:6,(anonymous_36)
FNDA:1,(anonymous_37)
FNDA:1,(anonymous_38)
FNDA:4,(anonymous_39)
FNDA:1,(anonymous_40)
FNDA:1,(anonymous_41)
FNDA:4,(anonymous_42)
FNDA:2,(anonymous_43)
FNDA:27,(anonymous_44)
DA:40,2
DA:45,1
DA:46,19
DA:47,4
DA:52,2
DA:54,6
DA:55,1
DA:58,2
DA:59,2
DA:60,2
DA:61,2
DA:65,1
DA:66,5
DA:70,2
DA:71,18
DA:72,2
DA:75,2
DA:76,2
DA:77,2
DA:78,2
DA:82,2
DA:83,18
DA:87,1
DA:88,3
DA:89,1
DA:92,2
DA:93,5
DA:94,2
DA:95,2
DA:99,0
DA:100,0
DA:104,2
DA:105,6
DA:106,2
DA:109,1
DA:110,4
DA:111,1
DA:112,1
DA:116,1
DA:117,4
DA:121,2
DA:122,27
LF:42
LH:40
BRDA:54,0,0,1
BRDA:54,0,1,1
BRDA:60,1,0,2
BRDA:60,1,1,0
BRDA:71,2,0,0
BRDA:71,2,1,2
BRDA:77,3,0,2
BRDA:77,3,1,0
BRDA:88,4,0,0
BRDA:88,4,1,1
BRDA:94,5,0,2
BRDA:94,5,1,0
BRDA:105,6,0,0
BRDA:105,6,1,2
BRDA:111,7,0,1
BRDA:111,7,1,0
BRF:16
BRH:9
end_of_record
TN:
SF:src\stores\layoutStore.ts
FN:32,(anonymous_0)
FN:36,(anonymous_1)
FN:37,(anonymous_2)
FN:46,(anonymous_3)
FN:55,(anonymous_4)
FN:90,(anonymous_5)
FN:96,(anonymous_6)
FN:102,(anonymous_7)
FN:112,(anonymous_8)
FN:113,(anonymous_9)
FN:119,(anonymous_10)
FN:120,(anonymous_11)
FN:137,(anonymous_12)
FNF:13
FNH:11
FNDA:1,(anonymous_0)
FNDA:8,(anonymous_1)
FNDA:14,(anonymous_2)
FNDA:8,(anonymous_3)
FNDA:8,(anonymous_4)
FNDA:0,(anonymous_5)
FNDA:0,(anonymous_6)
FNDA:5,(anonymous_7)
FNDA:4,(anonymous_8)
FNDA:8,(anonymous_9)
FNDA:4,(anonymous_10)
FNDA:4,(anonymous_11)
FNDA:1,(anonymous_12)
DA:32,1
DA:37,14
DA:38,8
DA:39,0
DA:40,0
DA:43,8
DA:46,8
DA:55,8
DA:65,8
DA:67,8
DA:80,8
DA:87,8
DA:91,0
DA:97,0
DA:103,5
DA:106,5
DA:107,1
DA:108,1
DA:111,4
DA:112,4
DA:113,8
DA:115,4
DA:119,4
DA:120,4
DA:122,4
DA:123,0
DA:124,0
DA:128,4
DA:129,1
DA:132,1
DA:137,3
DA:138,3
DA:139,1
DA:140,1
DA:143,2
LF:35
LH:29
BRDA:38,0,0,0
BRDA:38,0,1,8
BRDA:106,1,0,1
BRDA:106,1,1,4
BRDA:115,2,0,0
BRDA:115,2,1,4
BRDA:115,3,0,4
BRDA:115,3,1,4
BRDA:122,4,0,0
BRDA:122,4,1,4
BRDA:122,5,0,4
BRDA:122,5,1,4
BRDA:128,6,0,1
BRDA:128,6,1,3
BRDA:137,7,0,1
BRDA:137,7,1,1
BRDA:138,8,0,1
BRDA:138,8,1,2
BRF:18
BRH:15
end_of_record
TN:
SF:src\types\block.ts
FN:104,getPortPosition
FNF:1
FNH:1
FNDA:4,getPortPosition
DA:105,4
DA:106,4
DA:108,4
DA:110,1
DA:112,1
DA:114,1
DA:116,1
LF:7
LH:7
BRDA:108,0,0,1
BRDA:108,0,1,1
BRDA:108,0,2,1
BRDA:108,0,3,1
BRF:4
BRH:4
end_of_record
TN:
SF:src\types\connection.ts
FNF:0
FNH:0
LF:0
LH:0
BRF:0
BRH:0
end_of_record
TN:
SF:src\types\game.ts
FN:176,beltItemsPerMinute
FNF:1
FNH:0
FNDA:0,beltItemsPerMinute
DA:177,0
LF:1
LH:0
BRF:0
BRH:0
end_of_record
TN:
SF:src\types\layout.ts
FNF:0
FNH:0
LF:0
LH:0
BRF:0
BRH:0
end_of_record
TN:
SF:src\types\ui.ts
FNF:0
FNH:0
LF:0
LH:0
BRF:0
BRH:0
end_of_record
